[2025-12-24T13:50:16.796Z] ACTION: UPDATE | TARGET: 0 | STATUS: ERRO | Command failed: git pull
fatal: not a git repository (or any of the parent directories): .git

[2025-12-24T14:15:58.708Z] ACTION: UPDATE | TARGET: 0 | STATUS: FALHA | Erro: Pasta sem .git e repoUrl não enviado.
[2025-12-24T14:40:54.758Z] ACTION: restart | TARGET: 44 | STATUS: SUCESSO | 
[2025-12-24T16:07:25.174Z] ACTION: restart | TARGET: 42 | STATUS: SUCESSO | 
[2025-12-26T12:16:58.646Z] ACTION: stop | TARGET: 29 | STATUS: SUCESSO | 
[2025-12-26T14:50:04.003Z] ACTION: restart | TARGET: 45 | STATUS: SUCESSO | 
[2025-12-26T17:39:58.930Z] ACTION: restart | TARGET: 45 | STATUS: SUCESSO | 
[2025-12-27T18:12:19.973Z] ACTION: restart | TARGET: 39 | STATUS: SUCESSO | 
[2025-12-27T18:45:16.965Z] ACTION: delete | TARGET: 49 | STATUS: SUCESSO | 
[2025-12-27T18:55:40.712Z] ACTION: delete | TARGET: 51 | STATUS: SUCESSO | 
[2025-12-27T18:58:20.597Z] ACTION: stop | TARGET: 29 | STATUS: SUCESSO | 
[2025-12-27T18:58:29.081Z] ACTION: delete | TARGET: 29 | STATUS: SUCESSO | 
[2025-12-29T13:02:56.372Z] ACTION: restart | TARGET: 42 | STATUS: SUCESSO | 
[2025-12-29T13:05:25.902Z] ACTION: restart | TARGET: 42 | STATUS: SUCESSO | 
[2025-12-29T13:19:21.321Z] ACTION: restart | TARGET: 44 | STATUS: SUCESSO | 
[2025-12-29T13:22:39.526Z] ACTION: restart | TARGET: 44 | STATUS: SUCESSO | 
[2025-12-29T13:24:14.240Z] ACTION: restart | TARGET: 44 | STATUS: SUCESSO | 
[2025-12-29T13:27:48.046Z] ACTION: restart | TARGET: 44 | STATUS: SUCESSO | 
[2025-12-29T13:36:04.927Z] ACTION: restart | TARGET: 42 | STATUS: SUCESSO | 
[2025-12-29T13:39:26.571Z] ACTION: restart | TARGET: 42 | STATUS: SUCESSO | 
[2025-12-29T15:08:56.202Z] ACTION: restart | TARGET: 42 | STATUS: SUCESSO | 
[2025-12-29T15:09:00.965Z] ACTION: restart | TARGET: 44 | STATUS: SUCESSO | 
[2025-12-29T15:42:26.847Z] ACTION: restart | TARGET: 44 | STATUS: SUCESSO | 
[2025-12-29T16:23:23.684Z] ACTION: restart | TARGET: 44 | STATUS: SUCESSO | 
[2025-12-29T16:27:49.564Z] ACTION: restart | TARGET: 45 | STATUS: SUCESSO | 
[2025-12-29T16:37:01.978Z] ACTION: restart | TARGET: 45 | STATUS: SUCESSO | 
[2025-12-29T16:47:59.707Z] ACTION: restart | TARGET: 45 | STATUS: SUCESSO | 
[2025-12-29T16:57:51.216Z] ACTION: restart | TARGET: 46 | STATUS: SUCESSO | 
[2025-12-29T17:01:53.835Z] ACTION: restart | TARGET: 46 | STATUS: SUCESSO | 
[2025-12-29T17:04:53.395Z] ACTION: restart | TARGET: 46 | STATUS: SUCESSO | 
[2025-12-29T17:10:39.372Z] ACTION: restart | TARGET: 46 | STATUS: SUCESSO | 
[2025-12-29T17:13:02.095Z] ACTION: restart | TARGET: 46 | STATUS: SUCESSO | 
[2025-12-29T17:17:36.676Z] ACTION: restart | TARGET: 46 | STATUS: SUCESSO | 
[2025-12-29T17:19:23.634Z] ACTION: restart | TARGET: 46 | STATUS: SUCESSO | 
[2025-12-29T17:24:54.611Z] ACTION: restart | TARGET: 46 | STATUS: SUCESSO | 
[2025-12-29T17:40:39.745Z] ACTION: restart | TARGET: 46 | STATUS: SUCESSO | 
[2025-12-29T18:10:53.590Z] ACTION: restart | TARGET: 34 | STATUS: SUCESSO | 
[2025-12-30T11:44:55.091Z] ACTION: restart | TARGET: 42 | STATUS: SUCESSO | 
[2025-12-30T11:56:04.636Z] ACTION: restart | TARGET: 42 | STATUS: SUCESSO | 
[2025-12-30T13:02:42.850Z] ACTION: restart | TARGET: 42 | STATUS: SUCESSO | 
[2025-12-30T16:19:33.551Z] ACTION: restart | TARGET: 42 | STATUS: SUCESSO | 
[2025-12-30T16:22:29.894Z] ACTION: restart | TARGET: 42 | STATUS: SUCESSO | 
[2025-12-30T16:39:32.440Z] ACTION: restart | TARGET: 28 | STATUS: SUCESSO | 
[2025-12-30T16:39:38.054Z] ACTION: restart | TARGET: 44 | STATUS: SUCESSO | 
[2025-12-30T16:57:15.165Z] ACTION: restart | TARGET: 44 | STATUS: SUCESSO | 
[2025-12-30T17:16:31.860Z] ACTION: restart | TARGET: 42 | STATUS: SUCESSO | 
[2025-12-30T17:16:42.288Z] ACTION: restart | TARGET: 44 | STATUS: SUCESSO | 
[2025-12-30T17:24:20.801Z] ACTION: restart | TARGET: 44 | STATUS: SUCESSO | 
[2025-12-30T17:29:32.978Z] ACTION: restart | TARGET: 42 | STATUS: SUCESSO | 
[2025-12-30T17:29:38.080Z] ACTION: restart | TARGET: 44 | STATUS: SUCESSO | 
[2025-12-30T17:35:25.351Z] ACTION: restart | TARGET: 44 | STATUS: SUCESSO | 
[2025-12-30T17:39:36.758Z] ACTION: restart | TARGET: 42 | STATUS: SUCESSO | 
[2025-12-30T18:22:10.276Z] ACTION: restart | TARGET: 44 | STATUS: SUCESSO | 
[2025-12-30T18:25:46.761Z] ACTION: restart | TARGET: 44 | STATUS: SUCESSO | 
[2025-12-30T18:34:14.322Z] ACTION: restart | TARGET: 44 | STATUS: SUCESSO | 
[2025-12-30T18:34:21.366Z] ACTION: restart | TARGET: 44 | STATUS: SUCESSO | 
[2025-12-30T18:36:55.727Z] ACTION: restart | TARGET: 44 | STATUS: SUCESSO | 
[2025-12-30T19:26:33.252Z] ACTION: restart | TARGET: 42 | STATUS: SUCESSO | 
[2025-12-30T20:09:34.980Z] ACTION: restart | TARGET: 42 | STATUS: SUCESSO | 
[2025-12-30T20:25:03.440Z] ACTION: restart | TARGET: 42 | STATUS: SUCESSO | 
[2025-12-30T20:27:50.384Z] ACTION: restart | TARGET: 42 | STATUS: SUCESSO | 
[2025-12-30T20:30:34.069Z] ACTION: restart | TARGET: 42 | STATUS: SUCESSO | 
[2025-12-30T20:30:53.991Z] ACTION: restart | TARGET: 44 | STATUS: SUCESSO | 
[2025-12-30T20:31:45.800Z] ACTION: restart | TARGET: 44 | STATUS: SUCESSO | 
[2025-12-30T20:53:46.776Z] ACTION: restart | TARGET: 42 | STATUS: SUCESSO | 
[2025-12-30T20:55:11.872Z] ACTION: restart | TARGET: 42 | STATUS: SUCESSO | 
[2025-12-30T20:58:55.464Z] ACTION: restart | TARGET: 42 | STATUS: SUCESSO | 
[2025-12-30T21:04:56.205Z] ACTION: restart | TARGET: 42 | STATUS: SUCESSO | 
[2025-12-31T10:45:14.601Z] ACTION: restart | TARGET: 42 | STATUS: SUCESSO | 
[2025-12-31T10:46:19.733Z] ACTION: restart | TARGET: 42 | STATUS: SUCESSO | 
[2025-12-31T10:47:58.310Z] ACTION: restart | TARGET: 42 | STATUS: SUCESSO | 
[2025-12-31T10:49:04.495Z] ACTION: restart | TARGET: 42 | STATUS: SUCESSO | 
[2025-12-31T11:50:34.510Z] ACTION: restart | TARGET: 42 | STATUS: SUCESSO | 
[2025-12-31T12:39:42.830Z] ACTION: restart | TARGET: 44 | STATUS: SUCESSO | 
[2025-12-31T12:46:13.562Z] ACTION: restart | TARGET: 42 | STATUS: SUCESSO | 
[2025-12-31T12:56:04.245Z] ACTION: restart | TARGET: 42 | STATUS: SUCESSO | 
[2025-12-31T12:56:42.335Z] ACTION: restart | TARGET: 42 | STATUS: SUCESSO | 
[2025-12-31T13:35:28.809Z] ACTION: restart | TARGET: 42 | STATUS: SUCESSO | 
[2025-12-31T14:08:29.142Z] ACTION: restart | TARGET: 44 | STATUS: SUCESSO | 
[2025-12-31T14:59:44.385Z] ACTION: restart | TARGET: 44 | STATUS: SUCESSO | 
[2025-12-31T15:09:18.446Z] ACTION: restart | TARGET: 44 | STATUS: SUCESSO | 
[2025-12-31T15:15:59.361Z] ACTION: delete | TARGET: 20 | STATUS: SUCESSO | 
[2025-12-31T15:30:48.116Z] ACTION: restart | TARGET: 44 | STATUS: SUCESSO | 
[2025-12-31T15:36:38.311Z] ACTION: restart | TARGET: 44 | STATUS: SUCESSO | 
[2026-01-02T12:01:33.544Z] ACTION: restart | TARGET: 54 | STATUS: SUCESSO | 
[2026-01-02T12:16:35.428Z] ACTION: restart | TARGET: 54 | STATUS: SUCESSO | 
[2026-01-02T13:00:28.866Z] ACTION: restart | TARGET: 55 | STATUS: SUCESSO | 
[2026-01-02T13:40:35.826Z] ACTION: restart | TARGET: 54 | STATUS: SUCESSO | 
[2026-01-02T13:45:50.995Z] ACTION: restart | TARGET: 54 | STATUS: SUCESSO | 
[2026-01-02T14:06:05.852Z] ACTION: restart | TARGET: 54 | STATUS: SUCESSO | 
[2026-01-02T14:33:53.582Z] ACTION: restart | TARGET: 55 | STATUS: SUCESSO | 
[2026-01-02T15:05:57.661Z] ACTION: restart | TARGET: 55 | STATUS: SUCESSO | 
[2026-01-05T11:02:39.014Z] ACTION: restart | TARGET: 57 | STATUS: SUCESSO | 
[2026-01-05T11:14:12.926Z] ACTION: restart | TARGET: 57 | STATUS: SUCESSO | 
[2026-01-05T11:14:50.825Z] ACTION: restart | TARGET: 57 | STATUS: SUCESSO | 
[2026-01-05T11:21:22.903Z] ACTION: restart | TARGET: 57 | STATUS: SUCESSO | 
[2026-01-05T11:23:15.086Z] ACTION: restart | TARGET: 57 | STATUS: SUCESSO | 
[2026-01-05T12:52:28.182Z] ACTION: restart | TARGET: 57 | STATUS: SUCESSO | 
[2026-01-05T12:53:58.681Z] ACTION: restart | TARGET: 57 | STATUS: SUCESSO | 
[2026-01-05T12:58:44.210Z] ACTION: restart | TARGET: 57 | STATUS: SUCESSO | 
[2026-01-05T13:02:44.761Z] ACTION: restart | TARGET: 54 | STATUS: SUCESSO | 
[2026-01-05T13:50:06.673Z] ACTION: restart | TARGET: 54 | STATUS: SUCESSO | 
[2026-01-05T13:55:57.439Z] ACTION: restart | TARGET: 55 | STATUS: SUCESSO | 
[2026-01-05T14:22:04.947Z] ACTION: restart | TARGET: 18 | STATUS: SUCESSO | 
[2026-01-05T14:28:23.239Z] ACTION: delete | TARGET: 57 | STATUS: SUCESSO | 
[2026-01-05T16:52:13.912Z] ACTION: restart | TARGET: 18 | STATUS: SUCESSO | 
[2026-01-05T16:52:56.713Z] ACTION: restart | TARGET: 18 | STATUS: SUCESSO | 
[2026-01-05T19:38:22.141Z] ACTION: restart | TARGET: 19 | STATUS: SUCESSO | 
[2026-01-05T19:54:45.649Z] ACTION: restart | TARGET: 19 | STATUS: SUCESSO | 
[2026-01-05T19:58:59.635Z] ACTION: restart | TARGET: 19 | STATUS: SUCESSO | 
[2026-01-05T20:03:29.355Z] ACTION: restart | TARGET: 19 | STATUS: SUCESSO | 
[2026-01-05T20:05:55.240Z] ACTION: restart | TARGET: 19 | STATUS: SUCESSO | 
[2026-01-05T20:08:29.112Z] ACTION: restart | TARGET: 19 | STATUS: SUCESSO | 
[2026-01-05T20:10:12.528Z] ACTION: restart | TARGET: 19 | STATUS: SUCESSO | 
[2026-01-06T14:48:56.833Z] ACTION: restart | TARGET: 55 | STATUS: SUCESSO | 
[2026-01-06T14:50:52.114Z] ACTION: restart | TARGET: 55 | STATUS: SUCESSO | 
[2026-01-06T14:51:20.241Z] ACTION: restart | TARGET: 55 | STATUS: SUCESSO | 
[2026-01-06T14:58:10.113Z] ACTION: restart | TARGET: 55 | STATUS: SUCESSO | 
[2026-01-06T16:22:14.521Z] ACTION: restart | TARGET: 19 | STATUS: SUCESSO | 
[2026-01-06T16:36:38.412Z] ACTION: restart | TARGET: 55 | STATUS: SUCESSO | 
[2026-01-06T16:38:23.134Z] ACTION: restart | TARGET: 55 | STATUS: SUCESSO | 
[2026-01-06T16:41:00.908Z] ACTION: restart | TARGET: 55 | STATUS: SUCESSO | 
[2026-01-06T19:38:06.517Z] ACTION: restart | TARGET: 19 | STATUS: SUCESSO | 
[2026-01-07T17:40:59.382Z] ACTION: restart | TARGET: 55 | STATUS: SUCESSO | 
[2026-01-07T17:44:34.712Z] ACTION: restart | TARGET: 55 | STATUS: SUCESSO | 
[2026-01-07T17:46:36.723Z] ACTION: restart | TARGET: 55 | STATUS: SUCESSO | 
[2026-01-07T17:52:16.261Z] ACTION: restart | TARGET: 58 | STATUS: SUCESSO | 
[2026-01-07T18:52:17.452Z] ACTION: restart | TARGET: 54 | STATUS: SUCESSO | 
[2026-01-07T18:59:59.315Z] ACTION: restart | TARGET: 58 | STATUS: SUCESSO | 
[2026-01-07T20:17:02.783Z] ACTION: restart | TARGET: 54 | STATUS: SUCESSO | 
[2026-01-07T20:58:44.233Z] ACTION: restart | TARGET: 54 | STATUS: SUCESSO | 
[2026-01-07T21:44:05.236Z] ACTION: restart | TARGET: 58 | STATUS: SUCESSO | 
[2026-01-08T17:02:08.906Z] ACTION: restart | TARGET: 58 | STATUS: SUCESSO | 
[2026-01-08T17:07:54.149Z] ACTION: restart | TARGET: 58 | STATUS: SUCESSO | 
[2026-01-08T17:16:53.044Z] ACTION: restart | TARGET: 58 | STATUS: SUCESSO | 
[2026-01-10T14:59:25.034Z] ACTION: restart | TARGET: 54 | STATUS: SUCESSO | 
[2026-01-10T15:24:57.679Z] ACTION: restart | TARGET: 58 | STATUS: SUCESSO | 
[2026-01-10T15:25:19.210Z] ACTION: restart | TARGET: 58 | STATUS: SUCESSO | 
[2026-01-10T15:30:56.451Z] ACTION: restart | TARGET: 54 | STATUS: SUCESSO | 
[2026-01-10T16:09:52.879Z] ACTION: restart | TARGET: 58 | STATUS: SUCESSO | 
[2026-01-10T16:12:45.432Z] ACTION: restart | TARGET: 58 | STATUS: SUCESSO | 
[2026-01-10T16:16:06.093Z] ACTION: restart | TARGET: 58 | STATUS: SUCESSO | 
[2026-01-10T16:21:50.948Z] ACTION: restart | TARGET: 58 | STATUS: SUCESSO | 
[2026-01-10T16:27:01.608Z] ACTION: restart | TARGET: 58 | STATUS: SUCESSO | 
[2026-01-10T16:29:32.676Z] ACTION: restart | TARGET: 58 | STATUS: SUCESSO | 
[2026-01-11T14:06:20.792Z] ACTION: restart | TARGET: 54 | STATUS: SUCESSO | 
[2026-01-11T14:08:05.776Z] ACTION: restart | TARGET: 60 | STATUS: SUCESSO | 
[2026-01-11T14:25:24.844Z] ACTION: restart | TARGET: 60 | STATUS: SUCESSO | 
[2026-01-11T14:25:50.812Z] ACTION: restart | TARGET: 60 | STATUS: SUCESSO | 
[2026-01-11T17:12:03.628Z] ACTION: restart | TARGET: 58 | STATUS: SUCESSO | 
[2026-01-11T17:31:33.628Z] ACTION: stop | TARGET: 58 | STATUS: SUCESSO | 
[2026-01-11T17:31:43.563Z] ACTION: stop | TARGET: 60 | STATUS: SUCESSO | 
[2026-01-11T17:32:33.773Z] ACTION: stop | TARGET: 28 | STATUS: SUCESSO | 
[2026-01-11T17:53:19.913Z] ACTION: restart | TARGET: 43 | STATUS: SUCESSO | 
[2026-01-11T18:10:00.297Z] ACTION: restart | TARGET: 43 | STATUS: SUCESSO | 
[2026-01-11T18:14:06.561Z] ACTION: restart | TARGET: 43 | STATUS: SUCESSO | 
[2026-01-11T18:17:26.076Z] ACTION: restart | TARGET: 43 | STATUS: SUCESSO | 
[2026-01-11T18:21:12.534Z] ACTION: restart | TARGET: 43 | STATUS: SUCESSO | 
[2026-01-11T18:26:26.504Z] ACTION: restart | TARGET: 43 | STATUS: SUCESSO | 
[2026-01-11T18:30:21.105Z] ACTION: restart | TARGET: 43 | STATUS: SUCESSO | 
[2026-01-11T18:34:08.396Z] ACTION: restart | TARGET: 43 | STATUS: SUCESSO | 
[2026-01-11T18:47:11.553Z] ACTION: restart | TARGET: 43 | STATUS: SUCESSO | 
[2026-01-11T19:02:25.400Z] ACTION: restart | TARGET: 43 | STATUS: SUCESSO | 
[2026-01-11T19:09:09.305Z] ACTION: restart | TARGET: 43 | STATUS: SUCESSO | 
[2026-01-11T19:24:04.127Z] ACTION: restart | TARGET: 43 | STATUS: SUCESSO | 
[2026-01-11T19:28:11.068Z] ACTION: restart | TARGET: 43 | STATUS: SUCESSO | 
[2026-01-11T19:31:21.336Z] ACTION: restart | TARGET: 43 | STATUS: SUCESSO | 
[2026-01-11T19:41:33.806Z] ACTION: restart | TARGET: 43 | STATUS: SUCESSO | 
[2026-01-12T10:20:41.227Z] ACTION: restart | TARGET: 54 | STATUS: SUCESSO | 
[2026-01-12T10:23:46.680Z] ACTION: restart | TARGET: 63 | STATUS: SUCESSO | 
[2026-01-12T10:27:09.764Z] ACTION: restart | TARGET: 63 | STATUS: SUCESSO | 
[2026-01-12T10:29:58.235Z] ACTION: restart | TARGET: 62 | STATUS: SUCESSO | 
[2026-01-12T11:58:16.897Z] ACTION: restart | TARGET: 10 | STATUS: SUCESSO | 
[2026-01-12T12:15:37.264Z] ACTION: restart | TARGET: 66 | STATUS: SUCESSO | 
[2026-01-12T12:15:52.980Z] ACTION: restart | TARGET: 10 | STATUS: SUCESSO | 
[2026-01-12T12:18:41.823Z] ACTION: restart | TARGET: 10 | STATUS: SUCESSO | 
[2026-01-12T12:21:36.695Z] ACTION: restart | TARGET: 10 | STATUS: SUCESSO | 
[2026-01-12T12:22:03.139Z] ACTION: restart | TARGET: 10 | STATUS: SUCESSO | 
[2026-01-12T12:24:07.525Z] ACTION: restart | TARGET: 66 | STATUS: SUCESSO | 
[2026-01-12T12:24:12.667Z] ACTION: restart | TARGET: 10 | STATUS: SUCESSO | 
[2026-01-12T13:24:05.976Z] ACTION: restart | TARGET: 66 | STATUS: SUCESSO | 
[2026-01-12T13:26:22.793Z] ACTION: restart | TARGET: 66 | STATUS: SUCESSO | 
[2026-01-12T13:46:03.705Z] ACTION: restart | TARGET: 66 | STATUS: SUCESSO | 
[2026-01-12T13:49:53.291Z] ACTION: restart | TARGET: 66 | STATUS: SUCESSO | 
[2026-01-12T14:24:59.998Z] ACTION: restart | TARGET: 66 | STATUS: SUCESSO | 
[2026-01-12T14:28:12.708Z] ACTION: restart | TARGET: 66 | STATUS: SUCESSO | 
[2026-01-12T14:32:18.896Z] ACTION: restart | TARGET: 66 | STATUS: SUCESSO | 
[2026-01-12T14:37:31.346Z] ACTION: restart | TARGET: 10 | STATUS: SUCESSO | 
[2026-01-12T14:56:15.892Z] ACTION: restart | TARGET: 66 | STATUS: SUCESSO | 
[2026-01-12T15:07:55.577Z] ACTION: restart | TARGET: 66 | STATUS: SUCESSO | 
[2026-01-12T15:45:16.712Z] ACTION: restart | TARGET: 10 | STATUS: SUCESSO | 
[2026-01-12T15:45:26.682Z] ACTION: restart | TARGET: 66 | STATUS: SUCESSO | 
[2026-01-12T15:50:44.414Z] ACTION: restart | TARGET: 10 | STATUS: SUCESSO | 
[2026-01-12T15:51:37.410Z] ACTION: restart | TARGET: 10 | STATUS: SUCESSO | 
[2026-01-12T15:53:45.062Z] ACTION: restart | TARGET: 10 | STATUS: SUCESSO | 
[2026-01-12T16:04:07.480Z] ACTION: restart | TARGET: 66 | STATUS: SUCESSO | 
[2026-01-12T16:06:03.484Z] ACTION: restart | TARGET: 66 | STATUS: SUCESSO | 
[2026-01-12T16:19:27.293Z] ACTION: restart | TARGET: 10 | STATUS: SUCESSO | 
[2026-01-12T16:21:47.270Z] ACTION: restart | TARGET: 10 | STATUS: SUCESSO | 
[2026-01-12T16:26:25.837Z] ACTION: restart | TARGET: 66 | STATUS: SUCESSO | 
[2026-01-12T16:26:30.692Z] ACTION: restart | TARGET: 10 | STATUS: SUCESSO | 
[2026-01-12T16:30:50.036Z] ACTION: restart | TARGET: 66 | STATUS: SUCESSO | 
[2026-01-12T16:35:49.056Z] ACTION: restart | TARGET: 66 | STATUS: SUCESSO | 
[2026-01-12T16:40:10.613Z] ACTION: restart | TARGET: 10 | STATUS: SUCESSO | 
[2026-01-12T16:46:20.020Z] ACTION: restart | TARGET: 10 | STATUS: SUCESSO | 
[2026-01-12T16:48:59.515Z] ACTION: restart | TARGET: 10 | STATUS: SUCESSO | 
[2026-01-12T16:58:19.676Z] ACTION: restart | TARGET: 10 | STATUS: SUCESSO | 
[2026-01-12T17:01:58.144Z] ACTION: restart | TARGET: 10 | STATUS: SUCESSO | 
[2026-01-12T17:16:38.586Z] ACTION: restart | TARGET: 66 | STATUS: SUCESSO | 
[2026-01-12T17:16:45.159Z] ACTION: restart | TARGET: 10 | STATUS: SUCESSO | 
[2026-01-12T17:20:46.545Z] ACTION: restart | TARGET: 66 | STATUS: SUCESSO | 
[2026-01-12T17:21:13.957Z] ACTION: restart | TARGET: 66 | STATUS: SUCESSO | 
[2026-01-12T18:36:15.545Z] ACTION: restart | TARGET: 66 | STATUS: SUCESSO | 
[2026-01-12T18:45:12.405Z] ACTION: restart | TARGET: 66 | STATUS: SUCESSO | 
[2026-01-12T19:04:03.072Z] ACTION: restart | TARGET: 66 | STATUS: SUCESSO | 
[2026-01-12T19:05:18.778Z] ACTION: restart | TARGET: 66 | STATUS: SUCESSO | 
[2026-01-12T19:05:33.039Z] ACTION: restart | TARGET: 66 | STATUS: SUCESSO | 
[2026-01-12T19:14:13.704Z] ACTION: restart | TARGET: 66 | STATUS: SUCESSO | 
[2026-01-12T19:42:22.812Z] ACTION: restart | TARGET: 10 | STATUS: SUCESSO | 
[2026-01-12T19:51:14.602Z] ACTION: restart | TARGET: 66 | STATUS: SUCESSO | 
[2026-01-12T19:53:15.547Z] ACTION: restart | TARGET: 66 | STATUS: SUCESSO | 
[2026-01-12T19:59:52.734Z] ACTION: restart | TARGET: 66 | STATUS: SUCESSO | 
[2026-01-12T20:02:04.174Z] ACTION: restart | TARGET: 66 | STATUS: SUCESSO | 
[2026-01-12T20:05:28.602Z] ACTION: restart | TARGET: 66 | STATUS: SUCESSO | 
[2026-01-12T20:06:55.628Z] ACTION: restart | TARGET: 66 | STATUS: SUCESSO | 
[2026-01-12T20:08:24.215Z] ACTION: restart | TARGET: 66 | STATUS: SUCESSO | 
[2026-01-12T20:23:40.038Z] ACTION: restart | TARGET: 66 | STATUS: SUCESSO | 
[2026-01-12T20:24:11.532Z] ACTION: restart | TARGET: 66 | STATUS: SUCESSO | 
[2026-01-12T20:26:02.891Z] ACTION: restart | TARGET: 66 | STATUS: SUCESSO | 
[2026-01-12T20:26:21.850Z] ACTION: restart | TARGET: 66 | STATUS: SUCESSO | 
[2026-01-13T00:39:54.491Z] ACTION: restart | TARGET: 66 | STATUS: SUCESSO | 
[2026-01-13T00:44:44.234Z] ACTION: restart | TARGET: 66 | STATUS: SUCESSO | 
[2026-01-13T01:00:59.005Z] ACTION: restart | TARGET: 10 | STATUS: SUCESSO | 
[2026-01-13T01:07:54.796Z] ACTION: restart | TARGET: 10 | STATUS: SUCESSO | 
[2026-01-13T01:30:06.730Z] ACTION: restart | TARGET: 66 | STATUS: SUCESSO | 
[2026-01-13T01:34:42.457Z] ACTION: restart | TARGET: 66 | STATUS: SUCESSO | 
[2026-01-13T01:37:32.218Z] ACTION: restart | TARGET: 66 | STATUS: SUCESSO | 
[2026-01-13T01:41:52.179Z] ACTION: restart | TARGET: 66 | STATUS: SUCESSO | 
[2026-01-13T01:44:21.897Z] ACTION: restart | TARGET: 66 | STATUS: SUCESSO | 
[2026-01-13T01:46:24.143Z] ACTION: restart | TARGET: 66 | STATUS: SUCESSO | 
[2026-01-13T01:50:21.206Z] ACTION: restart | TARGET: 66 | STATUS: SUCESSO | 
[2026-01-13T01:59:38.985Z] ACTION: restart | TARGET: 66 | STATUS: SUCESSO | 
[2026-01-13T02:02:09.482Z] ACTION: restart | TARGET: 66 | STATUS: SUCESSO | 
[2026-01-13T02:21:41.062Z] ACTION: restart | TARGET: 66 | STATUS: SUCESSO | 
[2026-01-13T02:36:24.344Z] ACTION: restart | TARGET: 66 | STATUS: SUCESSO | 
[2026-01-13T02:38:54.110Z] ACTION: restart | TARGET: 66 | STATUS: SUCESSO | 
[2026-01-13T11:53:51.230Z] ACTION: restart | TARGET: 66 | STATUS: SUCESSO | 
[2026-01-13T11:54:04.313Z] ACTION: restart | TARGET: 66 | STATUS: SUCESSO | 
[2026-01-13T12:54:30.082Z] ACTION: restart | TARGET: 66 | STATUS: SUCESSO | 
[2026-01-13T13:10:30.198Z] ACTION: restart | TARGET: 66 | STATUS: SUCESSO | 
[2026-01-13T13:17:49.355Z] ACTION: restart | TARGET: 66 | STATUS: SUCESSO | 
[2026-01-13T13:23:31.301Z] ACTION: restart | TARGET: 66 | STATUS: SUCESSO | 
[2026-01-13T13:30:29.738Z] ACTION: restart | TARGET: 66 | STATUS: SUCESSO | 
[2026-01-13T13:38:35.024Z] ACTION: restart | TARGET: 66 | STATUS: SUCESSO | 
[2026-01-13T13:39:14.217Z] ACTION: restart | TARGET: 66 | STATUS: SUCESSO | 
[2026-01-13T13:42:53.495Z] ACTION: restart | TARGET: 66 | STATUS: SUCESSO | 
[2026-01-13T13:44:37.766Z] ACTION: restart | TARGET: 66 | STATUS: SUCESSO | 
[2026-01-13T13:57:54.611Z] ACTION: restart | TARGET: 10 | STATUS: SUCESSO | 
[2026-01-13T14:08:45.437Z] ACTION: restart | TARGET: 10 | STATUS: SUCESSO | 
[2026-01-13T16:14:31.012Z] ACTION: restart | TARGET: 66 | STATUS: SUCESSO | 
[2026-01-13T16:16:56.900Z] ACTION: restart | TARGET: 66 | STATUS: SUCESSO | 
[2026-01-13T16:18:15.332Z] ACTION: restart | TARGET: 66 | STATUS: SUCESSO | 
[2026-01-13T16:22:31.991Z] ACTION: restart | TARGET: 66 | STATUS: SUCESSO | 
[2026-01-13T16:24:18.986Z] ACTION: restart | TARGET: 66 | STATUS: SUCESSO | 
[2026-01-13T16:25:21.479Z] ACTION: restart | TARGET: 66 | STATUS: SUCESSO | 
[2026-01-13T16:26:09.141Z] ACTION: restart | TARGET: 66 | STATUS: SUCESSO | 
[2026-01-13T16:26:41.887Z] ACTION: restart | TARGET: 66 | STATUS: SUCESSO | 
[2026-01-13T16:32:37.306Z] ACTION: restart | TARGET: 66 | STATUS: SUCESSO | 
[2026-01-13T16:36:54.037Z] ACTION: restart | TARGET: 66 | STATUS: SUCESSO | 
[2026-01-13T16:40:05.033Z] ACTION: restart | TARGET: 66 | STATUS: SUCESSO | 
[2026-01-13T16:42:31.737Z] ACTION: restart | TARGET: 66 | STATUS: SUCESSO | 
[2026-01-13T16:45:00.547Z] ACTION: restart | TARGET: 66 | STATUS: SUCESSO | 
[2026-01-13T16:52:53.378Z] ACTION: restart | TARGET: 66 | STATUS: SUCESSO | 
[2026-01-13T16:54:11.466Z] ACTION: restart | TARGET: 66 | STATUS: SUCESSO | 
[2026-01-13T16:54:17.811Z] ACTION: restart | TARGET: 66 | STATUS: SUCESSO | 
[2026-01-13T17:25:57.160Z] ACTION: restart | TARGET: 66 | STATUS: SUCESSO | 
[2026-01-13T17:35:09.944Z] ACTION: restart | TARGET: 66 | STATUS: SUCESSO | 
[2026-01-13T19:18:06.108Z] ACTION: restart | TARGET: 66 | STATUS: SUCESSO | 
[2026-01-13T19:26:30.948Z] ACTION: restart | TARGET: 66 | STATUS: SUCESSO | 
[2026-01-13T19:28:55.339Z] ACTION: restart | TARGET: 66 | STATUS: SUCESSO | 
[2026-01-13T19:31:52.534Z] ACTION: restart | TARGET: 66 | STATUS: SUCESSO | 
[2026-01-13T19:34:09.948Z] ACTION: restart | TARGET: 66 | STATUS: SUCESSO | 
[2026-01-13T19:36:34.487Z] ACTION: restart | TARGET: 66 | STATUS: SUCESSO | 
[2026-01-13T19:37:27.996Z] ACTION: restart | TARGET: 66 | STATUS: SUCESSO | 
[2026-01-13T19:41:02.940Z] ACTION: restart | TARGET: 66 | STATUS: SUCESSO | 
[2026-01-13T19:42:32.725Z] ACTION: restart | TARGET: 66 | STATUS: SUCESSO | 
[2026-01-13T19:46:36.545Z] ACTION: restart | TARGET: 66 | STATUS: SUCESSO | 
[2026-01-13T19:49:14.840Z] ACTION: restart | TARGET: 66 | STATUS: SUCESSO | 
[2026-01-13T20:05:20.772Z] ACTION: restart | TARGET: 67 | STATUS: SUCESSO | 
[2026-01-15T00:09:18.484Z] ACTION: restart | TARGET: 70 | STATUS: SUCESSO | 
[2026-01-15T00:15:48.162Z] ACTION: restart | TARGET: 70 | STATUS: SUCESSO | 
[2026-01-15T00:24:34.392Z] ACTION: restart | TARGET: 71 | STATUS: SUCESSO | 
[2026-01-16T12:36:58.323Z] ACTION: restart | TARGET: 1 | STATUS: SUCESSO | 
[2026-01-16T20:02:26.772Z] ACTION: restart | TARGET: 47 | STATUS: SUCESSO | 
[2026-01-16T20:03:53.991Z] ACTION: delete | TARGET: 47 | STATUS: SUCESSO | 
[2026-01-16T20:05:49.672Z] ACTION: delete | TARGET: 48 | STATUS: SUCESSO | 
[2026-01-16T20:08:04.794Z] ACTION: restart | TARGET: 49 | STATUS: SUCESSO | 
[2026-01-18T14:32:31.641Z] ACTION: restart | TARGET: 49 | STATUS: SUCESSO | 
[2026-01-19T11:25:03.234Z] ACTION: delete | TARGET: 50 | STATUS: SUCESSO | 
[2026-01-19T11:25:23.137Z] ACTION: delete | TARGET: 42 | STATUS: SUCESSO | 
[2026-01-19T11:25:42.505Z] ACTION: delete | TARGET: 29 | STATUS: SUCESSO | 
[2026-01-19T11:25:49.823Z] ACTION: delete | TARGET: 33 | STATUS: SUCESSO | 
[2026-01-19T11:25:57.959Z] ACTION: delete | TARGET: 20 | STATUS: SUCESSO | 
[2026-01-19T11:26:58.053Z] ACTION: delete | TARGET: 41 | STATUS: SUCESSO | 
[2026-01-19T12:22:39.387Z] ACTION: restart | TARGET: 42 | STATUS: SUCESSO | 
[2026-01-19T12:23:29.912Z] ACTION: restart | TARGET: 42 | STATUS: SUCESSO | 
[2026-01-19T12:27:31.441Z] ACTION: restart | TARGET: 42 | STATUS: SUCESSO | 
[2026-01-19T14:37:22.316Z] ACTION: restart | TARGET: 1 | STATUS: SUCESSO | 
[2026-01-19T16:58:50.561Z] ACTION: restart | TARGET: 1 | STATUS: SUCESSO | 
[2026-01-19T17:03:19.441Z] ACTION: restart | TARGET: 1 | STATUS: SUCESSO | 
[2026-01-19T17:08:41.899Z] ACTION: restart | TARGET: 1 | STATUS: SUCESSO | 
[2026-01-19T17:10:50.746Z] ACTION: restart | TARGET: 1 | STATUS: SUCESSO | 
[2026-01-19T17:41:26.882Z] ACTION: restart | TARGET: 45 | STATUS: SUCESSO | 
[2026-01-19T18:01:12.649Z] ACTION: restart | TARGET: 45 | STATUS: SUCESSO | 
[2026-01-19T18:18:50.042Z] ACTION: restart | TARGET: 45 | STATUS: SUCESSO | 
[2026-01-19T18:24:22.203Z] ACTION: restart | TARGET: 45 | STATUS: SUCESSO | 
[2026-01-19T18:26:31.860Z] ACTION: restart | TARGET: 45 | STATUS: SUCESSO | 
[2026-01-19T18:31:40.073Z] ACTION: restart | TARGET: 45 | STATUS: SUCESSO | 
[2026-01-19T19:58:49.854Z] ACTION: restart | TARGET: 45 | STATUS: SUCESSO | 
[2026-01-20T10:35:59.840Z] ACTION: restart | TARGET: 47 | STATUS: SUCESSO | 
[2026-01-20T10:37:51.341Z] ACTION: restart | TARGET: 45 | STATUS: SUCESSO | 
[2026-01-20T12:26:07.664Z] ACTION: restart | TARGET: 17 | STATUS: SUCESSO | 
[2026-01-20T12:38:01.476Z] ACTION: restart | TARGET: 17 | STATUS: SUCESSO | 
[2026-01-20T12:39:00.867Z] ACTION: restart | TARGET: 17 | STATUS: SUCESSO | 
[2026-01-20T12:40:38.354Z] ACTION: restart | TARGET: 17 | STATUS: SUCESSO | 
[2026-01-20T12:43:55.660Z] ACTION: restart | TARGET: 17 | STATUS: SUCESSO | 
[2026-01-20T12:45:31.391Z] ACTION: restart | TARGET: 17 | STATUS: SUCESSO | 
[2026-01-20T12:53:44.748Z] ACTION: restart | TARGET: 17 | STATUS: SUCESSO | 
[2026-01-20T12:59:30.195Z] ACTION: restart | TARGET: 17 | STATUS: SUCESSO | 
[2026-01-20T13:30:58.139Z] ACTION: restart | TARGET: 48 | STATUS: SUCESSO | 
[2026-01-20T13:32:50.083Z] ACTION: delete | TARGET: 12 | STATUS: SUCESSO | 
[2026-01-20T14:11:00.939Z] ACTION: restart | TARGET: 49 | STATUS: SUCESSO | 
[2026-01-20T14:25:20.786Z] ACTION: restart | TARGET: 49 | STATUS: SUCESSO | 
[2026-01-20T14:50:02.678Z] ACTION: restart | TARGET: 49 | STATUS: SUCESSO | 
[2026-01-20T15:29:26.292Z] ACTION: restart | TARGET: 19 | STATUS: SUCESSO | 
[2026-01-20T15:31:08.642Z] ACTION: restart | TARGET: 19 | STATUS: SUCESSO | 
[2026-01-20T15:35:04.725Z] ACTION: restart | TARGET: 19 | STATUS: SUCESSO | 
[2026-01-20T15:37:09.679Z] ACTION: restart | TARGET: 19 | STATUS: SUCESSO | 
[2026-01-20T15:38:19.644Z] ACTION: restart | TARGET: 19 | STATUS: SUCESSO | 
[2026-01-21T11:34:38.881Z] ACTION: restart | TARGET: 1 | STATUS: SUCESSO | 
[2026-01-21T11:39:58.396Z] ACTION: restart | TARGET: 1 | STATUS: SUCESSO | 
[2026-01-21T12:14:41.660Z] ACTION: restart | TARGET: 49 | STATUS: SUCESSO | 
[2026-01-21T12:20:01.212Z] ACTION: restart | TARGET: 49 | STATUS: SUCESSO | 
[2026-01-21T12:27:45.010Z] ACTION: restart | TARGET: 49 | STATUS: SUCESSO | 
[2026-01-21T12:39:13.418Z] ACTION: restart | TARGET: 49 | STATUS: SUCESSO | 
[2026-01-21T12:44:09.634Z] ACTION: restart | TARGET: 49 | STATUS: SUCESSO | 
[2026-01-21T13:08:35.859Z] ACTION: restart | TARGET: 49 | STATUS: SUCESSO | 
[2026-01-21T13:13:02.590Z] ACTION: restart | TARGET: 49 | STATUS: SUCESSO | 
[2026-01-21T14:17:52.146Z] ACTION: restart | TARGET: 49 | STATUS: SUCESSO | 
[2026-01-21T14:19:34.017Z] ACTION: restart | TARGET: 49 | STATUS: SUCESSO | 
[2026-01-21T14:20:55.808Z] ACTION: restart | TARGET: 49 | STATUS: SUCESSO | 
[2026-01-21T14:24:50.323Z] ACTION: restart | TARGET: 49 | STATUS: SUCESSO | 
[2026-01-21T14:35:13.482Z] ACTION: restart | TARGET: 49 | STATUS: SUCESSO | 
[2026-01-21T14:37:12.787Z] ACTION: restart | TARGET: 49 | STATUS: SUCESSO | 
[2026-01-21T14:41:35.839Z] ACTION: restart | TARGET: 49 | STATUS: SUCESSO | 
[2026-01-21T14:55:14.539Z] ACTION: delete | TARGET: 49 | STATUS: SUCESSO | 
[2026-01-21T15:00:17.627Z] ACTION: restart | TARGET: 50 | STATUS: SUCESSO | 
[2026-01-21T15:49:52.539Z] ACTION: restart | TARGET: 50 | STATUS: SUCESSO | 
[2026-01-21T15:54:29.839Z] ACTION: restart | TARGET: 50 | STATUS: SUCESSO | 
[2026-01-21T15:55:49.023Z] ACTION: restart | TARGET: 50 | STATUS: SUCESSO | 
[2026-01-21T15:57:43.295Z] ACTION: restart | TARGET: 50 | STATUS: SUCESSO | 
[2026-01-21T16:04:04.695Z] ACTION: restart | TARGET: 50 | STATUS: SUCESSO | 
[2026-01-21T18:49:10.852Z] ACTION: restart | TARGET: 50 | STATUS: SUCESSO | 
[2026-01-21T18:53:22.973Z] ACTION: restart | TARGET: 50 | STATUS: SUCESSO | 
[2026-01-21T18:55:49.290Z] ACTION: restart | TARGET: 50 | STATUS: SUCESSO | 
[2026-01-22T11:23:35.829Z] ACTION: restart | TARGET: 17 | STATUS: SUCESSO | 
[2026-01-22T11:39:30.898Z] ACTION: restart | TARGET: 17 | STATUS: SUCESSO | 
[2026-01-22T11:43:56.743Z] ACTION: restart | TARGET: 17 | STATUS: SUCESSO | 
[2026-01-22T11:51:13.494Z] ACTION: restart | TARGET: 17 | STATUS: SUCESSO | 
[2026-01-22T11:58:02.330Z] ACTION: restart | TARGET: 17 | STATUS: SUCESSO | 
[2026-01-22T12:01:17.916Z] ACTION: restart | TARGET: 17 | STATUS: SUCESSO | 
[2026-01-22T12:12:03.948Z] ACTION: restart | TARGET: 17 | STATUS: SUCESSO | 
[2026-01-22T12:21:50.229Z] ACTION: restart | TARGET: 17 | STATUS: SUCESSO | 
[2026-01-22T12:22:43.558Z] ACTION: restart | TARGET: 17 | STATUS: SUCESSO | 
[2026-01-22T12:24:01.671Z] ACTION: restart | TARGET: 17 | STATUS: SUCESSO | 
[2026-01-22T16:49:13.974Z] ACTION: restart | TARGET: 46 | STATUS: SUCESSO | 
[2026-01-22T17:08:04.495Z] ACTION: restart | TARGET: 44 | STATUS: SUCESSO | 
[2026-01-22T18:11:21.499Z] ACTION: restart | TARGET: 44 | STATUS: SUCESSO | 
[2026-01-22T18:14:48.865Z] ACTION: restart | TARGET: 44 | STATUS: SUCESSO | 
[2026-01-22T18:18:40.733Z] ACTION: restart | TARGET: 44 | STATUS: SUCESSO | 
[2026-01-22T18:20:29.867Z] ACTION: restart | TARGET: 1 | STATUS: SUCESSO | 
[2026-01-22T18:20:34.892Z] ACTION: restart | TARGET: 44 | STATUS: SUCESSO | 
[2026-01-22T18:25:01.454Z] ACTION: restart | TARGET: 44 | STATUS: SUCESSO | 
[2026-01-22T18:26:38.321Z] ACTION: restart | TARGET: 44 | STATUS: SUCESSO | 
[2026-01-22T18:28:08.627Z] ACTION: restart | TARGET: 44 | STATUS: SUCESSO | 
[2026-01-22T23:39:34.218Z] ACTION: restart | TARGET: 28 | STATUS: SUCESSO | 
[2026-01-23T14:59:35.304Z] ACTION: restart | TARGET: 18 | STATUS: SUCESSO | 
[2026-01-23T16:30:09.369Z] ACTION: delete | TARGET: 18 | STATUS: SUCESSO | 
[2026-01-26T14:44:55.761Z] ACTION: restart | TARGET: 42 | STATUS: SUCESSO | 
[2026-01-26T14:47:09.021Z] ACTION: restart | TARGET: 47 | STATUS: SUCESSO | 
[2026-01-26T17:45:48.861Z] ACTION: restart | TARGET: 42 | STATUS: SUCESSO | 
[2026-01-26T17:45:55.642Z] ACTION: restart | TARGET: 47 | STATUS: SUCESSO | 
[2026-01-26T18:39:50.038Z] ACTION: restart | TARGET: 9 | STATUS: SUCESSO | 
[2026-01-26T18:41:21.198Z] ACTION: restart | TARGET: 9 | STATUS: SUCESSO | 
[2026-01-26T18:52:38.958Z] ACTION: restart | TARGET: 9 | STATUS: SUCESSO | 
[2026-01-26T18:54:02.297Z] ACTION: restart | TARGET: 9 | STATUS: SUCESSO | 
[2026-01-26T19:00:12.639Z] ACTION: restart | TARGET: 9 | STATUS: SUCESSO | 
[2026-01-26T19:10:05.476Z] ACTION: restart | TARGET: 9 | STATUS: SUCESSO | 
[2026-01-26T19:55:16.330Z] ACTION: restart | TARGET: 9 | STATUS: SUCESSO | 
[2026-01-28T12:22:55.373Z] ACTION: restart | TARGET: 28 | STATUS: SUCESSO | 
[2026-01-28T12:32:17.119Z] ACTION: restart | TARGET: 28 | STATUS: SUCESSO | 
[2026-01-28T12:35:21.077Z] ACTION: restart | TARGET: 28 | STATUS: SUCESSO | 
[2026-01-28T12:40:40.314Z] ACTION: restart | TARGET: 28 | STATUS: SUCESSO | 
[2026-01-28T12:43:22.355Z] ACTION: restart | TARGET: 28 | STATUS: SUCESSO | 
[2026-01-28T14:27:03.339Z] ACTION: restart | TARGET: 42 | STATUS: SUCESSO | 
[2026-01-28T15:01:41.723Z] ACTION: restart | TARGET: 43 | STATUS: SUCESSO | 
[2026-01-28T15:09:56.104Z] ACTION: restart | TARGET: 22 | STATUS: SUCESSO | 
[2026-01-28T18:35:17.476Z] ACTION: restart | TARGET: 42 | STATUS: SUCESSO | 
[2026-01-28T19:48:52.546Z] ACTION: restart | TARGET: 42 | STATUS: SUCESSO | 
[2026-01-28T20:06:30.993Z] ACTION: restart | TARGET: 42 | STATUS: SUCESSO | 
[2026-01-28T20:13:06.075Z] ACTION: restart | TARGET: 42 | STATUS: SUCESSO | 
[2026-01-28T20:22:04.725Z] ACTION: restart | TARGET: 42 | STATUS: SUCESSO | 
[2026-01-28T20:32:30.517Z] ACTION: restart | TARGET: 42 | STATUS: SUCESSO | 
[2026-01-28T20:36:32.418Z] ACTION: restart | TARGET: 42 | STATUS: SUCESSO | 
[2026-01-28T20:44:22.698Z] ACTION: restart | TARGET: 42 | STATUS: SUCESSO | 
[2026-01-28T20:53:04.515Z] ACTION: restart | TARGET: 42 | STATUS: SUCESSO | 
[2026-01-28T21:00:20.147Z] ACTION: restart | TARGET: 44 | STATUS: SUCESSO | 
[2026-01-28T21:04:38.688Z] ACTION: restart | TARGET: 42 | STATUS: SUCESSO | 
[2026-01-28T21:13:30.642Z] ACTION: restart | TARGET: 42 | STATUS: SUCESSO | 
[2026-01-28T23:55:24.724Z] ACTION: restart | TARGET: 42 | STATUS: SUCESSO | 
[2026-01-29T00:00:22.274Z] ACTION: restart | TARGET: 42 | STATUS: SUCESSO | 
[2026-01-29T00:02:55.002Z] ACTION: restart | TARGET: 42 | STATUS: SUCESSO | 
[2026-01-29T00:16:33.083Z] ACTION: restart | TARGET: 42 | STATUS: SUCESSO | 
[2026-01-29T00:27:56.947Z] ACTION: restart | TARGET: 42 | STATUS: SUCESSO | 
[2026-01-29T00:35:16.906Z] ACTION: restart | TARGET: 42 | STATUS: SUCESSO | 
[2026-01-29T00:40:30.008Z] ACTION: restart | TARGET: 42 | STATUS: SUCESSO | 
[2026-01-29T00:47:04.750Z] ACTION: restart | TARGET: 42 | STATUS: SUCESSO | 
[2026-01-29T00:50:09.908Z] ACTION: restart | TARGET: 42 | STATUS: SUCESSO | 
[2026-01-29T00:55:24.193Z] ACTION: restart | TARGET: 42 | STATUS: SUCESSO | 
[2026-01-29T01:03:57.985Z] ACTION: restart | TARGET: 42 | STATUS: SUCESSO | 
[2026-01-29T01:08:12.223Z] ACTION: restart | TARGET: 42 | STATUS: SUCESSO | 
[2026-01-29T01:14:33.644Z] ACTION: restart | TARGET: 42 | STATUS: SUCESSO | 
[2026-01-29T01:19:21.107Z] ACTION: restart | TARGET: 42 | STATUS: SUCESSO | 
[2026-01-29T01:47:00.173Z] ACTION: restart | TARGET: 42 | STATUS: SUCESSO | 
[2026-01-29T01:48:21.093Z] ACTION: restart | TARGET: 42 | STATUS: SUCESSO | 
[2026-01-29T01:51:08.689Z] ACTION: restart | TARGET: 42 | STATUS: SUCESSO | 
[2026-01-29T02:06:21.908Z] ACTION: restart | TARGET: 47 | STATUS: SUCESSO | 
[2026-01-29T02:12:06.688Z] ACTION: restart | TARGET: 42 | STATUS: SUCESSO | 
[2026-01-29T02:16:39.497Z] ACTION: restart | TARGET: 42 | STATUS: SUCESSO | 
[2026-01-29T02:20:51.058Z] ACTION: restart | TARGET: 42 | STATUS: SUCESSO | 
[2026-01-29T11:07:49.567Z] ACTION: restart | TARGET: 53 | STATUS: SUCESSO | 
[2026-01-29T11:47:30.758Z] ACTION: restart | TARGET: 53 | STATUS: SUCESSO | 
[2026-01-29T11:48:44.085Z] ACTION: restart | TARGET: 53 | STATUS: SUCESSO | 
[2026-01-29T11:50:23.677Z] ACTION: restart | TARGET: 53 | STATUS: SUCESSO | 
[2026-01-29T11:55:07.956Z] ACTION: restart | TARGET: 53 | STATUS: SUCESSO | 
[2026-01-29T12:06:18.160Z] ACTION: restart | TARGET: 53 | STATUS: SUCESSO | 
[2026-01-29T12:11:01.001Z] ACTION: restart | TARGET: 53 | STATUS: SUCESSO | 
[2026-01-29T12:12:49.665Z] ACTION: restart | TARGET: 53 | STATUS: SUCESSO | 
[2026-01-29T12:24:15.941Z] ACTION: restart | TARGET: 53 | STATUS: SUCESSO | 
[2026-01-29T12:28:08.455Z] ACTION: restart | TARGET: 53 | STATUS: SUCESSO | 
[2026-01-29T18:04:32.388Z] ACTION: restart | TARGET: 53 | STATUS: SUCESSO | 
[2026-01-29T18:09:09.397Z] ACTION: restart | TARGET: 53 | STATUS: SUCESSO | 
[2026-01-29T18:15:31.326Z] ACTION: restart | TARGET: 53 | STATUS: SUCESSO | 
[2026-01-29T18:15:32.893Z] ACTION: restart | TARGET: 47 | STATUS: SUCESSO | 
[2026-01-29T18:20:31.360Z] ACTION: restart | TARGET: 53 | STATUS: SUCESSO | 
[2026-01-29T18:21:32.702Z] ACTION: restart | TARGET: 47 | STATUS: SUCESSO | 
[2026-01-29T19:02:51.403Z] ACTION: restart | TARGET: 53 | STATUS: SUCESSO | 
[2026-01-30T02:05:23.193Z] ACTION: delete | TARGET: 55 | STATUS: SUCESSO | 
[2026-01-30T02:18:21.539Z] ACTION: restart | TARGET: 62 | STATUS: SUCESSO | 
[2026-01-30T02:39:31.098Z] ACTION: restart | TARGET: 44 | STATUS: SUCESSO | 
[2026-01-30T02:58:22.320Z] ACTION: restart | TARGET: 44 | STATUS: SUCESSO | 
[2026-01-30T03:02:40.334Z] ACTION: restart | TARGET: 44 | STATUS: SUCESSO | 
[2026-01-30T12:13:51.961Z] ACTION: restart | TARGET: 53 | STATUS: SUCESSO | 
[2026-01-30T17:23:18.609Z] ACTION: restart | TARGET: 53 | STATUS: SUCESSO | 
[2026-01-30T17:27:16.803Z] ACTION: restart | TARGET: 53 | STATUS: SUCESSO | 
[2026-01-30T17:30:11.824Z] ACTION: restart | TARGET: 53 | STATUS: SUCESSO | 
[2026-01-30T17:33:23.928Z] ACTION: restart | TARGET: 53 | STATUS: SUCESSO | 
[2026-01-30T18:08:03.702Z] ACTION: restart | TARGET: 53 | STATUS: SUCESSO | 
[2026-02-02T12:04:48.749Z] ACTION: restart | TARGET: 1 | STATUS: SUCESSO | 
[2026-02-02T13:34:04.307Z] ACTION: restart | TARGET: 35 | STATUS: SUCESSO | 
[2026-02-02T14:14:21.937Z] ACTION: restart | TARGET: 41 | STATUS: SUCESSO | 
[2026-02-02T14:19:39.422Z] ACTION: restart | TARGET: 10 | STATUS: SUCESSO | 
[2026-02-02T18:17:39.762Z] ACTION: restart | TARGET: 47 | STATUS: SUCESSO | 
[2026-02-02T18:17:41.387Z] ACTION: restart | TARGET: 53 | STATUS: SUCESSO | 
[2026-02-02T19:18:28.715Z] ACTION: restart | TARGET: 53 | STATUS: SUCESSO | 
[2026-02-02T19:18:30.167Z] ACTION: restart | TARGET: 47 | STATUS: SUCESSO | 
[2026-02-02T19:36:30.519Z] ACTION: restart | TARGET: 53 | STATUS: SUCESSO | 
[2026-02-02T20:25:46.217Z] ACTION: restart | TARGET: 53 | STATUS: SUCESSO | 
[2026-02-02T20:25:50.435Z] ACTION: restart | TARGET: 47 | STATUS: SUCESSO | 
[2026-02-03T10:40:40.205Z] ACTION: restart | TARGET: 53 | STATUS: SUCESSO | 
[2026-02-03T17:26:03.512Z] ACTION: restart | TARGET: 71 | STATUS: SUCESSO | 
[2026-02-03T17:27:14.929Z] ACTION: restart | TARGET: 70 | STATUS: SUCESSO | 
[2026-02-03T17:30:10.980Z] ACTION: restart | TARGET: 70 | STATUS: SUCESSO | 
[2026-02-03T17:44:10.250Z] ACTION: restart | TARGET: 71 | STATUS: SUCESSO | 
[2026-02-03T17:57:04.727Z] ACTION: delete | TARGET: 45 | STATUS: SUCESSO | 
[2026-02-03T18:05:13.674Z] ACTION: restart | TARGET: 73 | STATUS: SUCESSO | 
[2026-02-03T18:08:19.642Z] ACTION: restart | TARGET: 73 | STATUS: SUCESSO | 
[2026-02-03T18:16:27.128Z] ACTION: restart | TARGET: 73 | STATUS: SUCESSO | 
[2026-02-03T18:34:17.493Z] ACTION: restart | TARGET: 74 | STATUS: SUCESSO | 
[2026-02-03T18:41:09.526Z] ACTION: restart | TARGET: 74 | STATUS: SUCESSO | 
[2026-02-03T18:46:46.487Z] ACTION: restart | TARGET: 74 | STATUS: SUCESSO | 
[2026-02-03T19:27:32.676Z] ACTION: restart | TARGET: 1 | STATUS: SUCESSO | 
[2026-02-03T19:42:48.088Z] ACTION: restart | TARGET: 1 | STATUS: SUCESSO | 
[2026-02-03T20:02:12.022Z] ACTION: delete | TARGET: 74 | STATUS: SUCESSO | 
[2026-02-03T21:00:48.556Z] ACTION: restart | TARGET: 70 | STATUS: SUCESSO | 
[2026-02-03T21:02:36.050Z] ACTION: restart | TARGET: 70 | STATUS: SUCESSO | 
[2026-02-03T21:07:21.960Z] ACTION: delete | TARGET: 44 | STATUS: SUCESSO | 
[2026-02-03T21:09:41.271Z] ACTION: restart | TARGET: 77 | STATUS: SUCESSO | 
[2026-02-03T21:10:53.899Z] ACTION: restart | TARGET: 76 | STATUS: SUCESSO | 
[2026-02-03T21:11:42.094Z] ACTION: restart | TARGET: 71 | STATUS: SUCESSO | 
[2026-02-03T21:11:43.584Z] ACTION: restart | TARGET: 70 | STATUS: SUCESSO | 
[2026-02-03T21:12:07.949Z] ACTION: restart | TARGET: 77 | STATUS: SUCESSO | 
[2026-02-03T21:12:16.266Z] ACTION: restart | TARGET: 76 | STATUS: SUCESSO | 
[2026-02-03T21:12:56.747Z] ACTION: restart | TARGET: 71 | STATUS: SUCESSO | 
[2026-02-03T21:13:42.112Z] ACTION: restart | TARGET: 71 | STATUS: SUCESSO | 
[2026-02-04T02:51:13.082Z] ACTION: restart | TARGET: 79 | STATUS: SUCESSO | 
[2026-02-04T03:05:25.466Z] ACTION: restart | TARGET: 49 | STATUS: SUCESSO | 
[2026-02-04T03:07:10.488Z] ACTION: restart | TARGET: 49 | STATUS: SUCESSO | 
[2026-02-04T11:00:29.788Z] ACTION: restart | TARGET: 50 | STATUS: SUCESSO | 
[2026-02-04T11:04:01.286Z] ACTION: restart | TARGET: 50 | STATUS: SUCESSO | 
[2026-02-04T11:06:31.982Z] ACTION: restart | TARGET: 50 | STATUS: SUCESSO | 
[2026-02-04T11:09:49.562Z] ACTION: restart | TARGET: 50 | STATUS: SUCESSO | 
[2026-02-04T11:20:13.297Z] ACTION: restart | TARGET: 50 | STATUS: SUCESSO | 
[2026-02-04T11:23:18.512Z] ACTION: restart | TARGET: 50 | STATUS: SUCESSO | 
[2026-02-04T11:47:16.079Z] ACTION: restart | TARGET: 50 | STATUS: SUCESSO | 
[2026-02-04T11:56:01.673Z] ACTION: restart | TARGET: 50 | STATUS: SUCESSO | 
[2026-02-04T11:58:15.347Z] ACTION: restart | TARGET: 50 | STATUS: SUCESSO | 
[2026-02-04T12:08:33.074Z] ACTION: restart | TARGET: 50 | STATUS: SUCESSO | 
[2026-02-04T12:16:03.997Z] ACTION: restart | TARGET: 50 | STATUS: SUCESSO | 
[2026-02-04T12:20:00.368Z] ACTION: restart | TARGET: 50 | STATUS: SUCESSO | 
[2026-02-04T12:29:02.642Z] ACTION: restart | TARGET: 50 | STATUS: SUCESSO | 
[2026-02-04T12:36:20.523Z] ACTION: restart | TARGET: 50 | STATUS: SUCESSO | 
[2026-02-04T13:05:27.650Z] ACTION: restart | TARGET: 44 | STATUS: SUCESSO | 
[2026-02-04T14:06:08.508Z] ACTION: restart | TARGET: 45 | STATUS: SUCESSO | 
[2026-02-04T14:06:28.102Z] ACTION: restart | TARGET: 50 | STATUS: SUCESSO | 
[2026-02-05T01:47:29.899Z] ACTION: restart | TARGET: 52 | STATUS: SUCESSO | 
[2026-02-05T01:49:33.542Z] ACTION: restart | TARGET: 52 | STATUS: SUCESSO | 
[2026-02-05T13:00:59.584Z] ACTION: restart | TARGET: 52 | STATUS: SUCESSO | 
[2026-02-05T15:20:01.439Z] ACTION: restart | TARGET: 17 | STATUS: SUCESSO | 
[2026-02-05T16:11:17.931Z] ACTION: restart | TARGET: 52 | STATUS: SUCESSO | 
[2026-02-05T16:22:41.828Z] ACTION: restart | TARGET: 52 | STATUS: SUCESSO | 
[2026-02-05T16:33:16.738Z] ACTION: restart | TARGET: 52 | STATUS: SUCESSO | 
[2026-02-05T16:39:42.523Z] ACTION: restart | TARGET: 52 | STATUS: SUCESSO | 
[2026-02-05T20:54:51.081Z] ACTION: restart | TARGET: 52 | STATUS: SUCESSO | 
[2026-02-05T20:55:56.250Z] ACTION: restart | TARGET: 52 | STATUS: SUCESSO | 
[2026-02-06T15:53:35.439Z] ACTION: restart | TARGET: 40 | STATUS: SUCESSO | 
[2026-02-06T17:49:01.651Z] ACTION: restart | TARGET: 45 | STATUS: SUCESSO | 
[2026-02-06T18:23:34.737Z] ACTION: restart | TARGET: 45 | STATUS: SUCESSO | 
[2026-02-06T18:25:35.430Z] ACTION: restart | TARGET: 45 | STATUS: SUCESSO | 
[2026-02-06T18:25:52.160Z] ACTION: restart | TARGET: 44 | STATUS: SUCESSO | 
[2026-02-06T18:25:53.631Z] ACTION: restart | TARGET: 45 | STATUS: SUCESSO | 
[2026-02-08T00:25:36.621Z] ACTION: restart | TARGET: 44 | STATUS: SUCESSO | 
[2026-02-08T00:32:30.836Z] ACTION: restart | TARGET: 44 | STATUS: SUCESSO | 
[2026-02-08T00:34:28.776Z] ACTION: restart | TARGET: 44 | STATUS: SUCESSO | 
[2026-02-08T00:52:30.917Z] ACTION: restart | TARGET: 44 | STATUS: SUCESSO | 
[2026-02-08T00:56:46.333Z] ACTION: delete | TARGET: 44 | STATUS: SUCESSO | 
[2026-02-08T01:01:15.260Z] ACTION: delete | TARGET: 57 | STATUS: SUCESSO | 
[2026-02-08T01:07:32.037Z] ACTION: delete | TARGET: 58 | STATUS: SUCESSO | 
[2026-02-08T01:15:16.113Z] ACTION: delete | TARGET: 59 | STATUS: SUCESSO | 
[2026-02-08T01:18:23.829Z] ACTION: delete | TARGET: 60 | STATUS: SUCESSO | 
[2026-02-08T01:22:27.131Z] ACTION: delete | TARGET: 61 | STATUS: SUCESSO | 
[2026-02-08T01:28:17.795Z] ACTION: delete | TARGET: 62 | STATUS: SUCESSO | 
[2026-02-08T18:28:55.091Z] ACTION: restart | TARGET: 24 | STATUS: SUCESSO | 
[2026-02-08T18:37:33.403Z] ACTION: restart | TARGET: 24 | STATUS: SUCESSO | 
[2026-02-08T18:40:24.810Z] ACTION: restart | TARGET: 24 | STATUS: SUCESSO | 
[2026-02-08T18:43:46.867Z] ACTION: restart | TARGET: 24 | STATUS: SUCESSO | 
[2026-02-08T18:49:18.587Z] ACTION: restart | TARGET: 24 | STATUS: SUCESSO | 
[2026-02-08T18:50:07.150Z] ACTION: restart | TARGET: 24 | STATUS: SUCESSO | 
[2026-02-08T19:30:54.825Z] ACTION: restart | TARGET: 65 | STATUS: SUCESSO | 
[2026-02-08T19:33:30.626Z] ACTION: restart | TARGET: 65 | STATUS: SUCESSO | 
[2026-02-08T19:35:49.575Z] ACTION: restart | TARGET: 65 | STATUS: SUCESSO | 
[2026-02-08T19:41:59.393Z] ACTION: restart | TARGET: 65 | STATUS: SUCESSO | 
[2026-02-08T19:49:46.311Z] ACTION: restart | TARGET: 65 | STATUS: SUCESSO | 
[2026-02-08T20:01:09.344Z] ACTION: restart | TARGET: 65 | STATUS: SUCESSO | 
[2026-02-08T22:11:00.586Z] ACTION: delete | TARGET: 53 | STATUS: SUCESSO | 
[2026-02-09T11:49:11.233Z] ACTION: restart | TARGET: 56 | STATUS: SUCESSO | 
[2026-02-09T12:19:49.460Z] ACTION: delete | TARGET: 45 | STATUS: SUCESSO | 
[2026-02-09T14:59:16.162Z] ACTION: restart | TARGET: 48 | STATUS: SUCESSO | 
[2026-02-09T17:28:32.299Z] ACTION: restart | TARGET: 35 | STATUS: SUCESSO | 
[2026-02-09T17:30:22.934Z] ACTION: restart | TARGET: 35 | STATUS: SUCESSO | 
[2026-02-09T17:31:36.278Z] ACTION: restart | TARGET: 35 | STATUS: SUCESSO | 
[2026-02-09T17:32:14.572Z] ACTION: restart | TARGET: 35 | STATUS: SUCESSO | 
[2026-02-09T17:33:34.435Z] ACTION: restart | TARGET: 35 | STATUS: SUCESSO | 
[2026-02-09T17:34:37.425Z] ACTION: restart | TARGET: 35 | STATUS: SUCESSO | 
[2026-02-09T17:35:51.580Z] ACTION: restart | TARGET: 35 | STATUS: SUCESSO | 
[2026-02-09T17:37:43.121Z] ACTION: restart | TARGET: 35 | STATUS: SUCESSO | 
[2026-02-09T17:38:20.189Z] ACTION: restart | TARGET: 35 | STATUS: SUCESSO | 
[2026-02-09T17:39:01.672Z] ACTION: restart | TARGET: 35 | STATUS: SUCESSO | 
[2026-02-09T17:39:31.198Z] ACTION: restart | TARGET: 35 | STATUS: SUCESSO | 
[2026-02-09T17:41:09.876Z] ACTION: restart | TARGET: 35 | STATUS: SUCESSO | 
[2026-02-09T17:41:56.556Z] ACTION: restart | TARGET: 35 | STATUS: SUCESSO | 
[2026-02-09T17:42:22.608Z] ACTION: restart | TARGET: 35 | STATUS: SUCESSO | 
[2026-02-10T13:47:41.303Z] ACTION: restart | TARGET: 47 | STATUS: SUCESSO | 
[2026-02-10T13:49:51.192Z] ACTION: restart | TARGET: 47 | STATUS: SUCESSO | 
[2026-02-10T13:53:38.507Z] ACTION: restart | TARGET: 47 | STATUS: SUCESSO | 
[2026-02-10T14:08:56.748Z] ACTION: restart | TARGET: 47 | STATUS: SUCESSO | 
[2026-02-10T14:13:01.948Z] ACTION: restart | TARGET: 47 | STATUS: SUCESSO | 
[2026-02-10T14:14:27.774Z] ACTION: restart | TARGET: 47 | STATUS: SUCESSO | 
[2026-02-10T14:15:26.577Z] ACTION: restart | TARGET: 47 | STATUS: SUCESSO | 
[2026-02-10T14:19:37.779Z] ACTION: restart | TARGET: 47 | STATUS: SUCESSO | 
[2026-02-10T14:27:11.781Z] ACTION: restart | TARGET: 47 | STATUS: SUCESSO | 
[2026-02-10T18:42:31.897Z] ACTION: restart | TARGET: 15 | STATUS: SUCESSO | 
[2026-02-10T19:39:50.363Z] ACTION: restart | TARGET: 56 | STATUS: SUCESSO | 
[2026-02-10T19:42:41.908Z] ACTION: restart | TARGET: 56 | STATUS: SUCESSO | 
[2026-02-10T20:07:05.442Z] ACTION: restart | TARGET: 56 | STATUS: SUCESSO | 
[2026-02-10T20:07:49.744Z] ACTION: restart | TARGET: 56 | STATUS: SUCESSO | 
[2026-02-10T20:08:07.079Z] ACTION: restart | TARGET: 56 | STATUS: SUCESSO | 
[2026-02-10T20:09:14.042Z] ACTION: restart | TARGET: 56 | STATUS: SUCESSO | 
[2026-02-10T20:09:43.860Z] ACTION: restart | TARGET: 56 | STATUS: SUCESSO | 
[2026-02-11T01:43:02.777Z] ACTION: restart | TARGET: 24 | STATUS: SUCESSO | 
[2026-02-11T01:43:46.490Z] ACTION: restart | TARGET: 24 | STATUS: SUCESSO | 
[2026-02-11T01:54:27.932Z] ACTION: restart | TARGET: 24 | STATUS: SUCESSO | 
[2026-02-11T12:29:01.065Z] ACTION: restart | TARGET: 15 | STATUS: SUCESSO | 
[2026-02-11T12:46:06.221Z] ACTION: restart | TARGET: 8 | STATUS: SUCESSO | 
[2026-02-11T12:49:59.116Z] ACTION: restart | TARGET: 8 | STATUS: SUCESSO | 
[2026-02-11T12:54:28.630Z] ACTION: restart | TARGET: 8 | STATUS: SUCESSO | 
[2026-02-11T12:59:08.914Z] ACTION: restart | TARGET: 8 | STATUS: SUCESSO | 
[2026-02-11T13:39:56.562Z] ACTION: delete | TARGET: 55 | STATUS: SUCESSO | 
[2026-02-11T13:41:18.471Z] ACTION: delete | TARGET: 58 | STATUS: SUCESSO | 
[2026-02-11T14:10:46.945Z] ACTION: restart | TARGET: 24 | STATUS: SUCESSO | 
[2026-02-11T16:31:51.762Z] ACTION: restart | TARGET: 45 | STATUS: SUCESSO | 
[2026-02-11T16:45:05.916Z] ACTION: restart | TARGET: 56 | STATUS: SUCESSO | 
[2026-02-11T16:46:46.411Z] ACTION: restart | TARGET: 56 | STATUS: SUCESSO | 
[2026-02-11T16:48:29.758Z] ACTION: restart | TARGET: 56 | STATUS: SUCESSO | 
[2026-02-11T16:52:00.337Z] ACTION: restart | TARGET: 56 | STATUS: SUCESSO | 
[2026-02-11T16:56:37.324Z] ACTION: restart | TARGET: 45 | STATUS: SUCESSO | 
[2026-02-11T17:00:41.249Z] ACTION: restart | TARGET: 45 | STATUS: SUCESSO | 
[2026-02-11T19:21:17.273Z] ACTION: restart | TARGET: 45 | STATUS: SUCESSO | 
[2026-02-12T10:44:24.945Z] ACTION: restart | TARGET: 15 | STATUS: SUCESSO | 
[2026-02-12T12:17:14.071Z] ACTION: restart | TARGET: 45 | STATUS: SUCESSO | 
[2026-02-12T12:56:00.848Z] ACTION: restart | TARGET: 45 | STATUS: SUCESSO | 
[2026-02-12T13:11:03.292Z] ACTION: restart | TARGET: 45 | STATUS: SUCESSO | 
[2026-02-12T13:25:02.593Z] ACTION: restart | TARGET: 45 | STATUS: SUCESSO | 
[2026-02-12T13:27:33.751Z] ACTION: restart | TARGET: 45 | STATUS: SUCESSO | 
[2026-02-12T13:46:03.931Z] ACTION: restart | TARGET: 59 | STATUS: SUCESSO | 
[2026-02-12T14:17:13.953Z] ACTION: restart | TARGET: 45 | STATUS: SUCESSO | 
[2026-02-12T16:59:39.970Z] ACTION: restart | TARGET: 25 | STATUS: SUCESSO | 
[2026-02-12T17:06:38.207Z] ACTION: restart | TARGET: 25 | STATUS: SUCESSO | 
[2026-02-12T17:28:38.497Z] ACTION: restart | TARGET: 25 | STATUS: SUCESSO | 
[2026-02-12T17:38:59.792Z] ACTION: restart | TARGET: 25 | STATUS: SUCESSO | 
[2026-02-12T17:44:07.875Z] ACTION: restart | TARGET: 25 | STATUS: SUCESSO | 
[2026-02-12T17:46:33.050Z] ACTION: restart | TARGET: 25 | STATUS: SUCESSO | 
[2026-02-12T17:57:45.801Z] ACTION: restart | TARGET: 25 | STATUS: SUCESSO | 
[2026-02-12T17:58:53.410Z] ACTION: restart | TARGET: 25 | STATUS: SUCESSO | 
[2026-02-12T18:03:07.333Z] ACTION: restart | TARGET: 25 | STATUS: SUCESSO | 
[2026-02-12T18:19:44.991Z] ACTION: restart | TARGET: 25 | STATUS: SUCESSO | 
[2026-02-12T20:35:53.879Z] ACTION: restart | TARGET: 15 | STATUS: SUCESSO | 
[2026-02-13T11:14:24.388Z] ACTION: restart | TARGET: 15 | STATUS: SUCESSO | 
[2026-02-13T13:34:35.108Z] ACTION: restart | TARGET: 25 | STATUS: SUCESSO | 
[2026-02-13T13:39:04.887Z] ACTION: restart | TARGET: 25 | STATUS: SUCESSO | 
[2026-02-13T13:42:45.188Z] ACTION: restart | TARGET: 25 | STATUS: SUCESSO | 
[2026-02-13T13:47:39.388Z] ACTION: restart | TARGET: 25 | STATUS: SUCESSO | 
[2026-02-13T14:05:19.732Z] ACTION: restart | TARGET: 25 | STATUS: SUCESSO | 
[2026-02-13T14:15:28.331Z] ACTION: restart | TARGET: 25 | STATUS: SUCESSO | 
[2026-02-13T14:21:16.060Z] ACTION: restart | TARGET: 25 | STATUS: SUCESSO | 
[2026-02-13T14:24:11.716Z] ACTION: restart | TARGET: 25 | STATUS: SUCESSO | 
[2026-02-13T14:25:27.517Z] ACTION: restart | TARGET: 25 | STATUS: SUCESSO | 
[2026-02-13T14:28:09.172Z] ACTION: restart | TARGET: 25 | STATUS: SUCESSO | 
[2026-02-13T14:29:19.979Z] ACTION: restart | TARGET: 25 | STATUS: SUCESSO | 
[2026-02-13T14:30:39.184Z] ACTION: restart | TARGET: 25 | STATUS: SUCESSO | 
[2026-02-13T15:05:15.257Z] ACTION: restart | TARGET: 25 | STATUS: SUCESSO | 
[2026-02-13T15:33:40.048Z] ACTION: restart | TARGET: 25 | STATUS: SUCESSO | 
[2026-02-13T15:37:09.595Z] ACTION: restart | TARGET: 25 | STATUS: SUCESSO | 
[2026-02-13T16:18:30.117Z] ACTION: restart | TARGET: 15 | STATUS: SUCESSO | 
[2026-02-13T16:22:11.855Z] ACTION: restart | TARGET: 15 | STATUS: SUCESSO | 
[2026-02-13T16:45:38.098Z] ACTION: restart | TARGET: 15 | STATUS: SUCESSO | 
[2026-02-13T16:46:54.400Z] ACTION: restart | TARGET: 15 | STATUS: SUCESSO | 
[2026-02-13T16:53:21.173Z] ACTION: restart | TARGET: 15 | STATUS: SUCESSO | 
[2026-02-17T18:13:00.645Z] ACTION: restart | TARGET: 33 | STATUS: SUCESSO | 
[2026-02-17T18:15:01.906Z] ACTION: restart | TARGET: 33 | STATUS: SUCESSO | 
[2026-02-17T18:55:52.164Z] ACTION: restart | TARGET: 64 | STATUS: SUCESSO | 
[2026-02-18T16:37:36.211Z] ACTION: restart | TARGET: 25 | STATUS: SUCESSO | 
[2026-02-18T17:17:00.304Z] ACTION: restart | TARGET: 25 | STATUS: SUCESSO | 
[2026-02-18T18:48:50.554Z] ACTION: restart | TARGET: 44 | STATUS: SUCESSO | 
[2026-02-18T18:57:57.640Z] ACTION: restart | TARGET: 44 | STATUS: SUCESSO | 
[2026-02-18T19:20:02.327Z] ACTION: restart | TARGET: 67 | STATUS: SUCESSO | 
[2026-02-18T19:42:13.374Z] ACTION: restart | TARGET: 59 | STATUS: SUCESSO | 
[2026-02-18T19:44:27.085Z] ACTION: restart | TARGET: 57 | STATUS: SUCESSO | 
[2026-02-18T19:48:41.093Z] ACTION: restart | TARGET: 67 | STATUS: SUCESSO | 
[2026-02-18T20:05:45.301Z] ACTION: restart | TARGET: 67 | STATUS: SUCESSO | 
[2026-02-18T20:36:33.663Z] ACTION: restart | TARGET: 67 | STATUS: SUCESSO | 
[2026-02-18T20:59:46.868Z] ACTION: restart | TARGET: 67 | STATUS: SUCESSO | 
[2026-02-18T21:01:59.816Z] ACTION: restart | TARGET: 67 | STATUS: SUCESSO | 
[2026-02-18T21:09:34.144Z] ACTION: restart | TARGET: 67 | STATUS: SUCESSO | 
[2026-02-19T11:16:24.077Z] ACTION: restart | TARGET: 57 | STATUS: SUCESSO | 
[2026-02-19T11:21:12.431Z] ACTION: restart | TARGET: 59 | STATUS: SUCESSO | 
[2026-02-19T11:21:14.214Z] ACTION: restart | TARGET: 57 | STATUS: SUCESSO | 
[2026-02-19T11:56:21.653Z] ACTION: restart | TARGET: 57 | STATUS: SUCESSO | 
[2026-02-19T12:00:31.315Z] ACTION: restart | TARGET: 57 | STATUS: SUCESSO | 
[2026-02-19T12:08:04.664Z] ACTION: restart | TARGET: 57 | STATUS: SUCESSO | 
[2026-02-19T12:55:58.280Z] ACTION: restart | TARGET: 57 | STATUS: SUCESSO | 
[2026-02-19T13:33:50.891Z] ACTION: restart | TARGET: 57 | STATUS: SUCESSO | 
[2026-02-19T13:40:32.174Z] ACTION: restart | TARGET: 67 | STATUS: SUCESSO | 
[2026-02-19T14:00:55.946Z] ACTION: restart | TARGET: 67 | STATUS: SUCESSO | 
[2026-02-19T14:01:56.994Z] ACTION: restart | TARGET: 67 | STATUS: SUCESSO | 
[2026-02-19T14:25:44.725Z] ACTION: restart | TARGET: 57 | STATUS: SUCESSO | 
[2026-02-19T14:44:28.926Z] ACTION: restart | TARGET: 70 | STATUS: SUCESSO | 
[2026-02-19T15:53:51.402Z] ACTION: restart | TARGET: 70 | STATUS: SUCESSO | 
[2026-02-19T16:08:17.163Z] ACTION: restart | TARGET: 70 | STATUS: SUCESSO | 
[2026-02-19T17:33:06.855Z] ACTION: restart | TARGET: 56 | STATUS: SUCESSO | 
[2026-02-19T23:33:14.610Z] ACTION: restart | TARGET: 71 | STATUS: SUCESSO | 
[2026-02-19T23:49:44.662Z] ACTION: restart | TARGET: 71 | STATUS: SUCESSO | 
[2026-02-19T23:54:50.176Z] ACTION: restart | TARGET: 71 | STATUS: SUCESSO | 
[2026-02-20T00:09:18.533Z] ACTION: restart | TARGET: 71 | STATUS: SUCESSO | 
[2026-02-20T00:14:20.634Z] ACTION: restart | TARGET: 71 | STATUS: SUCESSO | 
[2026-02-20T00:17:19.220Z] ACTION: restart | TARGET: 71 | STATUS: SUCESSO | 
[2026-02-20T10:44:17.535Z] ACTION: restart | TARGET: 71 | STATUS: SUCESSO | 
[2026-02-20T17:43:24.655Z] ACTION: restart | TARGET: 71 | STATUS: SUCESSO | 
[2026-02-20T17:51:07.280Z] ACTION: restart | TARGET: 71 | STATUS: SUCESSO | 
[2026-02-21T15:38:06.935Z] ACTION: restart | TARGET: 73 | STATUS: SUCESSO | 
[2026-02-21T16:16:48.526Z] ACTION: restart | TARGET: 43 | STATUS: SUCESSO | 
[2026-02-21T16:18:46.805Z] ACTION: restart | TARGET: 43 | STATUS: SUCESSO | 
[2026-02-21T16:53:57.315Z] ACTION: restart | TARGET: 43 | STATUS: SUCESSO | 
[2026-02-21T16:58:11.666Z] ACTION: restart | TARGET: 43 | STATUS: SUCESSO | 
[2026-02-21T17:03:14.168Z] ACTION: restart | TARGET: 43 | STATUS: SUCESSO | 
[2026-02-21T17:17:20.321Z] ACTION: restart | TARGET: 43 | STATUS: SUCESSO | 
[2026-02-21T19:37:23.721Z] ACTION: restart | TARGET: 74 | STATUS: SUCESSO | 
[2026-02-21T19:40:50.685Z] ACTION: restart | TARGET: 74 | STATUS: SUCESSO | 
[2026-02-21T19:45:30.370Z] ACTION: restart | TARGET: 74 | STATUS: SUCESSO | 
[2026-02-21T19:54:55.871Z] ACTION: restart | TARGET: 74 | STATUS: SUCESSO | 
[2026-02-21T19:57:27.201Z] ACTION: restart | TARGET: 74 | STATUS: SUCESSO | 
[2026-02-21T19:59:37.576Z] ACTION: restart | TARGET: 74 | STATUS: SUCESSO | 
[2026-02-21T20:05:52.645Z] ACTION: restart | TARGET: 74 | STATUS: SUCESSO | 
[2026-02-21T20:12:42.101Z] ACTION: restart | TARGET: 74 | STATUS: SUCESSO | 
[2026-02-22T17:10:05.424Z] ACTION: restart | TARGET: 54 | STATUS: SUCESSO | 
[2026-02-22T18:35:05.345Z] ACTION: UPDATE | TARGET: 0 | STATUS: ERRO | 'https:' is not recognized as an internal or external command,
operable program or batch file.

[2026-02-22T18:35:25.341Z] ACTION: UPDATE | TARGET: 0 | STATUS: ERRO | 'https:' is not recognized as an internal or external command,
operable program or batch file.

[2026-02-22T18:41:14.191Z] ACTION: UPDATE | TARGET: 0 | STATUS: ERRO | 'https:' is not recognized as an internal or external command,
operable program or batch file.

[2026-02-22T18:42:33.821Z] ACTION: UPDATE | TARGET: 0 | STATUS: ERRO | 'https:' is not recognized as an internal or external command,
operable program or batch file.

[2026-02-22T18:48:22.320Z] ACTION: UPDATE | TARGET: 0 | STATUS: ERRO | 'C:\Program' is not recognized as an internal or external command,
operable program or batch file.

[2026-02-22T18:55:27.379Z] ACTION: UPDATE | TARGET: 0 | STATUS: ERRO | From https://github.com/Davi-Peixoto-Silva/app-pm2-bkp
 * [new branch]      main       -> origin/main
There is no tracking information for the current branch.
Please specify which branch you want to merge with.
See git-pull(1) for details.

    git pull <remote> <branch>

If you wish to set tracking information for this branch you can do so with:

    git branch --set-upstream-to=origin/<branch> master


[2026-02-22T18:58:21.422Z] ACTION: CLONE | TARGET: 1 | STATUS: INICIANDO | app-abastecimento
[2026-02-22T18:58:21.465Z] ACTION: CLONE | TARGET: 1 | STATUS: ERRO | fatal: repository 'app-abastecimento' does not exist

[2026-02-22T18:58:33.823Z] ACTION: UPDATE | TARGET: 0 | STATUS: ERRO | From https://github.com/Davi-Peixoto-Silva/app-pm2-bkp
 * branch            main       -> FETCH_HEAD
error: The following untracked working tree files would be overwritten by merge:
	Y/module_conf.json
	Y/touch
	package-lock.json
	package.json
	pm2.text
Please move or remove them before you merge.
Aborting

[2026-02-22T19:00:32.987Z] ACTION: UPDATE | TARGET: 0 | STATUS: INICIANDO | Atualizando repositório...
[2026-02-22T19:00:33.727Z] ACTION: UPDATE | TARGET: 0 | STATUS: INFO | Rodando npm install...
[2026-02-22T19:00:38.463Z] ACTION: UPDATE | TARGET: 0 | STATUS: SUCESSO | Deploy completo
[2026-02-22T19:03:53.024Z] ACTION: UPDATE | TARGET: 0 | STATUS: INICIANDO | Atualizando repositório...
[2026-02-22T19:03:53.767Z] ACTION: UPDATE | TARGET: 0 | STATUS: INFO | Rodando npm install...
[2026-02-22T19:03:55.243Z] ACTION: UPDATE | TARGET: 0 | STATUS: SUCESSO | Deploy completo
[2026-02-22T19:04:32.062Z] ACTION: delete | TARGET: 0 | STATUS: SUCESSO | 
[2026-02-22T19:10:34.876Z] ACTION: restart | TARGET: 61 | STATUS: SUCESSO | 
[2026-02-22T19:25:30.296Z] ACTION: delete | TARGET: 63 | STATUS: SUCESSO | 
[2026-02-22T20:45:56.675Z] ACTION: CLONE | TARGET: 5 | STATUS: INICIANDO | https://github.com/Davi-Peixoto-Silva/app-ficha-impressa.git
[2026-02-24T13:30:46.124Z] ACTION: restart | TARGET: 45 | STATUS: SUCESSO | 
[2026-02-24T13:34:11.892Z] ACTION: restart | TARGET: 45 | STATUS: SUCESSO | 
[2026-02-24T13:39:21.625Z] ACTION: restart | TARGET: 45 | STATUS: SUCESSO | 
[2026-02-24T13:44:23.054Z] ACTION: restart | TARGET: 45 | STATUS: SUCESSO | 
[2026-02-24T13:48:11.874Z] ACTION: restart | TARGET: 45 | STATUS: SUCESSO | 
[2026-02-24T13:48:21.397Z] ACTION: restart | TARGET: 45 | STATUS: SUCESSO | 
[2026-02-24T13:57:01.389Z] ACTION: restart | TARGET: 45 | STATUS: SUCESSO | 
[2026-02-24T16:19:07.741Z] ACTION: restart | TARGET: 45 | STATUS: SUCESSO | 
[2026-02-24T16:25:33.416Z] ACTION: restart | TARGET: 45 | STATUS: SUCESSO | 
[2026-02-25T17:23:21.053Z] ACTION: stop | TARGET: 51 | STATUS: SUCESSO | 
[2026-02-25T17:27:38.062Z] ACTION: restart | TARGET: 51 | STATUS: SUCESSO | 
[2026-02-25T17:33:24.435Z] ACTION: stop | TARGET: 51 | STATUS: SUCESSO | 
[2026-02-25T17:39:01.141Z] ACTION: restart | TARGET: 51 | STATUS: SUCESSO | 
[2026-02-25T17:51:56.127Z] ACTION: stop | TARGET: 51 | STATUS: SUCESSO | 
[2026-02-25T17:55:07.836Z] ACTION: restart | TARGET: 51 | STATUS: SUCESSO | 
[2026-02-25T18:08:27.027Z] ACTION: stop | TARGET: 51 | STATUS: SUCESSO | 
[2026-02-25T18:08:30.194Z] ACTION: restart | TARGET: 51 | STATUS: SUCESSO | 
[2026-02-25T18:12:48.802Z] ACTION: stop | TARGET: 51 | STATUS: SUCESSO | 
[2026-02-25T18:12:54.253Z] ACTION: restart | TARGET: 51 | STATUS: SUCESSO | 
[2026-02-25T18:20:41.126Z] ACTION: stop | TARGET: 51 | STATUS: SUCESSO | 
[2026-02-25T18:20:50.313Z] ACTION: restart | TARGET: 51 | STATUS: SUCESSO | 
[2026-02-25T18:27:06.805Z] ACTION: restart | TARGET: 51 | STATUS: SUCESSO | 
[2026-02-25T18:33:17.721Z] ACTION: restart | TARGET: 51 | STATUS: SUCESSO | 
[2026-02-25T20:48:37.902Z] ACTION: restart | TARGET: 51 | STATUS: SUCESSO | 
[2026-02-25T21:02:04.108Z] ACTION: stop | TARGET: 51 | STATUS: SUCESSO | 
[2026-02-25T21:10:21.635Z] ACTION: restart | TARGET: 51 | STATUS: SUCESSO | 
[2026-02-25T23:56:44.253Z] ACTION: restart | TARGET: 71 | STATUS: SUCESSO | 
[2026-02-26T00:06:14.851Z] ACTION: restart | TARGET: 50 | STATUS: SUCESSO | 
[2026-02-26T16:22:05.163Z] ACTION: stop | TARGET: 7 | STATUS: SUCESSO | 
[2026-02-26T16:22:14.442Z] ACTION: restart | TARGET: 7 | STATUS: SUCESSO | 
[2026-02-26T17:47:48.868Z] ACTION: stop | TARGET: 7 | STATUS: SUCESSO | 
[2026-02-26T17:47:50.905Z] ACTION: restart | TARGET: 7 | STATUS: SUCESSO | 
[2026-02-26T17:58:35.551Z] ACTION: stop | TARGET: 7 | STATUS: SUCESSO | 
[2026-02-26T17:58:45.532Z] ACTION: restart | TARGET: 7 | STATUS: SUCESSO | 
[2026-02-26T18:17:43.605Z] ACTION: stop | TARGET: 7 | STATUS: SUCESSO | 
[2026-02-26T18:17:46.033Z] ACTION: restart | TARGET: 7 | STATUS: SUCESSO | 
[2026-02-26T18:26:24.533Z] ACTION: stop | TARGET: 7 | STATUS: SUCESSO | 
[2026-02-26T18:26:26.952Z] ACTION: restart | TARGET: 7 | STATUS: SUCESSO | 
[2026-02-27T12:34:08.057Z] ACTION: stop | TARGET: 44 | STATUS: SUCESSO | 
[2026-02-27T12:34:10.437Z] ACTION: restart | TARGET: 44 | STATUS: SUCESSO | 
[2026-02-27T13:51:51.022Z] ACTION: stop | TARGET: 35 | STATUS: SUCESSO | 
[2026-02-27T13:51:52.408Z] ACTION: restart | TARGET: 35 | STATUS: SUCESSO | 
[2026-02-27T13:56:30.537Z] ACTION: stop | TARGET: 35 | STATUS: SUCESSO | 
[2026-02-27T13:56:32.145Z] ACTION: restart | TARGET: 35 | STATUS: SUCESSO | 
[2026-02-27T13:57:02.281Z] ACTION: stop | TARGET: 35 | STATUS: SUCESSO | 
[2026-02-27T13:57:03.576Z] ACTION: restart | TARGET: 35 | STATUS: SUCESSO | 
[2026-02-27T16:58:49.516Z] ACTION: restart | TARGET: 75 | STATUS: SUCESSO | 
[2026-02-27T17:00:27.993Z] ACTION: restart | TARGET: 75 | STATUS: SUCESSO | 
[2026-03-01T18:09:40.437Z] ACTION: restart | TARGET: 75 | STATUS: SUCESSO | 
[2026-03-01T18:28:14.485Z] ACTION: restart | TARGET: 75 | STATUS: SUCESSO | 
[2026-03-01T18:36:09.056Z] ACTION: restart | TARGET: 75 | STATUS: SUCESSO | 
[2026-03-01T18:44:37.045Z] ACTION: restart | TARGET: 75 | STATUS: SUCESSO | 
[2026-03-01T18:46:21.426Z] ACTION: restart | TARGET: 75 | STATUS: SUCESSO | 
[2026-03-01T18:50:52.522Z] ACTION: restart | TARGET: 75 | STATUS: SUCESSO | 
[2026-03-01T19:14:02.956Z] ACTION: restart | TARGET: 75 | STATUS: SUCESSO | 
[2026-03-02T11:24:43.679Z] ACTION: restart | TARGET: 44 | STATUS: SUCESSO | 
[2026-03-04T14:09:37.268Z] ACTION: restart | TARGET: 49 | STATUS: SUCESSO | 
[2026-03-04T18:59:15.474Z] ACTION: restart | TARGET: 44 | STATUS: SUCESSO | 
[2026-03-05T11:42:12.719Z] ACTION: stop | TARGET: 51 | STATUS: SUCESSO | 
[2026-03-05T11:42:23.048Z] ACTION: restart | TARGET: 51 | STATUS: SUCESSO | 
[2026-03-05T11:44:58.320Z] ACTION: stop | TARGET: 51 | STATUS: SUCESSO | 
[2026-03-05T11:45:00.832Z] ACTION: restart | TARGET: 51 | STATUS: SUCESSO | 
[2026-03-05T11:53:44.929Z] ACTION: stop | TARGET: 51 | STATUS: SUCESSO | 
[2026-03-05T11:53:46.292Z] ACTION: restart | TARGET: 51 | STATUS: SUCESSO | 
[2026-03-05T18:28:29.055Z] ACTION: delete | TARGET: 171 | STATUS: SUCESSO | 
[2026-03-05T18:30:56.361Z] ACTION: delete | TARGET: 9 | STATUS: SUCESSO | 
[2026-03-06T13:25:51.890Z] ACTION: stop | TARGET: 182 | STATUS: SUCESSO | 
[2026-03-06T13:25:53.382Z] ACTION: restart | TARGET: 182 | STATUS: SUCESSO | 
[2026-03-06T13:44:41.547Z] ACTION: stop | TARGET: 182 | STATUS: SUCESSO | 
[2026-03-06T13:44:43.039Z] ACTION: restart | TARGET: 182 | STATUS: SUCESSO | 
[2026-03-06T15:39:17.093Z] ACTION: stop | TARGET: 91 | STATUS: SUCESSO | 
[2026-03-06T15:39:18.458Z] ACTION: restart | TARGET: 91 | STATUS: SUCESSO | 
[2026-03-06T15:47:35.778Z] ACTION: stop | TARGET: 91 | STATUS: SUCESSO | 
[2026-03-06T15:47:38.217Z] ACTION: restart | TARGET: 91 | STATUS: SUCESSO | 
[2026-03-06T16:04:52.397Z] ACTION: stop | TARGET: 126 | STATUS: SUCESSO | 
[2026-03-06T16:04:53.682Z] ACTION: restart | TARGET: 126 | STATUS: SUCESSO | 
[2026-03-06T16:38:50.145Z] ACTION: stop | TARGET: 126 | STATUS: SUCESSO | 
[2026-03-06T16:38:51.488Z] ACTION: restart | TARGET: 126 | STATUS: SUCESSO | 
[2026-03-06T16:45:35.003Z] ACTION: stop | TARGET: 126 | STATUS: SUCESSO | 
[2026-03-06T16:45:36.308Z] ACTION: restart | TARGET: 126 | STATUS: SUCESSO | 
[2026-03-06T21:37:05.870Z] ACTION: restart | TARGET: 126 | STATUS: SUCESSO | 
[2026-03-06T21:45:30.195Z] ACTION: restart | TARGET: 126 | STATUS: SUCESSO | 
[2026-03-08T21:01:11.444Z] ACTION: stop | TARGET: 153 | STATUS: SUCESSO | 
[2026-03-08T21:01:14.716Z] ACTION: restart | TARGET: 153 | STATUS: SUCESSO | 
[2026-03-08T21:23:00.105Z] ACTION: stop | TARGET: 153 | STATUS: SUCESSO | 
[2026-03-08T21:23:02.731Z] ACTION: restart | TARGET: 153 | STATUS: SUCESSO | 
[2026-03-08T21:32:22.800Z] ACTION: restart | TARGET: 153 | STATUS: SUCESSO | 
[2026-03-08T22:13:39.885Z] ACTION: restart | TARGET: 153 | STATUS: SUCESSO | 
[2026-03-09T14:40:35.731Z] ACTION: restart | TARGET: 126 | STATUS: SUCESSO | 
[2026-03-09T15:49:13.357Z] ACTION: restart | TARGET: 153 | STATUS: SUCESSO | 
[2026-03-09T15:56:47.440Z] ACTION: restart | TARGET: 153 | STATUS: SUCESSO | 
[2026-03-09T18:02:01.615Z] ACTION: restart | TARGET: 153 | STATUS: SUCESSO | 
[2026-03-10T01:16:58.963Z] ACTION: restart | TARGET: 153 | STATUS: SUCESSO | 
[2026-03-10T02:15:17.965Z] ACTION: restart | TARGET: 144 | STATUS: SUCESSO | 
[2026-03-10T12:02:33.908Z] ACTION: stop | TARGET: 154 | STATUS: SUCESSO | 
[2026-03-10T12:02:35.576Z] ACTION: restart | TARGET: 154 | STATUS: SUCESSO | 
[2026-03-10T12:56:36.828Z] ACTION: restart | TARGET: 153 | STATUS: SUCESSO | 
[2026-03-10T18:24:13.232Z] ACTION: stop | TARGET: 190 | STATUS: SUCESSO | 
[2026-03-10T18:24:14.502Z] ACTION: restart | TARGET: 190 | STATUS: SUCESSO | 
[2026-03-10T18:43:26.051Z] ACTION: stop | TARGET: 153 | STATUS: SUCESSO | 
[2026-03-10T18:43:32.702Z] ACTION: restart | TARGET: 153 | STATUS: SUCESSO | 
[2026-03-10T18:44:51.834Z] ACTION: restart | TARGET: 153 | STATUS: SUCESSO | 
[2026-03-11T11:52:41.887Z] ACTION: stop | TARGET: 59 | STATUS: SUCESSO | 
[2026-03-11T11:52:43.388Z] ACTION: restart | TARGET: 59 | STATUS: SUCESSO | 
[2026-03-11T17:47:32.638Z] ACTION: stop | TARGET: 46 | STATUS: SUCESSO | 
[2026-03-11T17:47:34.497Z] ACTION: restart | TARGET: 46 | STATUS: SUCESSO | 
[2026-03-12T00:27:00.366Z] ACTION: stop | TARGET: 75 | STATUS: SUCESSO | 
[2026-03-12T00:27:03.439Z] ACTION: restart | TARGET: 75 | STATUS: SUCESSO | 
[2026-03-12T11:29:48.374Z] ACTION: restart | TARGET: 45 | STATUS: SUCESSO | 
[2026-03-12T11:30:49.532Z] ACTION: stop | TARGET: 45 | STATUS: SUCESSO | 
[2026-03-12T11:31:01.612Z] ACTION: restart | TARGET: 45 | STATUS: SUCESSO | 
[2026-03-12T11:32:54.675Z] ACTION: restart | TARGET: 81 | STATUS: SUCESSO | 
[2026-03-12T14:46:55.316Z] ACTION: stop | TARGET: 80 | STATUS: SUCESSO | 
[2026-03-12T14:46:56.743Z] ACTION: restart | TARGET: 80 | STATUS: SUCESSO | 
[2026-03-12T14:49:35.793Z] ACTION: stop | TARGET: 80 | STATUS: SUCESSO | 
[2026-03-12T14:49:46.459Z] ACTION: restart | TARGET: 80 | STATUS: SUCESSO | 
[2026-03-12T16:26:48.142Z] ACTION: SAVE | TARGET: ALL | STATUS: SUCESSO | Configurações do PM2 salvas (dump)
[2026-03-12T16:39:02.025Z] ACTION: stop | TARGET: 59 | STATUS: SUCESSO | 
[2026-03-12T16:39:03.658Z] ACTION: restart | TARGET: 59 | STATUS: SUCESSO | 
